[ 2017-05-23T09:28:42+08:00 ] 123.112.225.62 /laosan/index.php
INFO: [ app_init ] --START--
INFO: Run Behavior\BuildLiteBehavior [ RunTime:0.000012s ]
INFO: [ app_init ] --END-- [ RunTime:0.000255s ]
INFO: [ app_begin ] --START--
INFO: Run Behavior\ReadHtmlCacheBehavior [ RunTime:0.000294s ]
INFO: [ app_begin ] --END-- [ RunTime:0.000333s ]
SQL: SELECT `banner_thumb` FROM `ls_banner` ORDER BY sort_number  [ RunTime:0.0001s ]
SQL: SELECT `type_id`,`title`,`type_thumb` FROM `ls_type` WHERE `is_display` = 1 ORDER BY sort_number  [ RunTime:0.0001s ]
SQL: SELECT `goods_id`,`name`,`thumb`,`shop_price`,t.title as type_title FROM ls_goods g left join ls_type t  using(type_id)  WHERE `is_hot` = 1 AND `is_online` = 1 ORDER BY g.sort_number,g.goods_id  [ RunTime:0.0001s ]
INFO: [ view_parse ] --START--
INFO: [ template_filter ] --START--
INFO: Run Behavior\ContentReplaceBehavior [ RunTime:0.000049s ]
INFO: [ template_filter ] --END-- [ RunTime:0.000085s ]
NOTIC: [8] Undefined index: series_title /data/wwwroot/default/laosan/Application/Runtime/Cache/Home/58c9b418295366ada92ef91abf88ff39.php 第 65 行.
NOTIC: [8] Undefined index: series_title /data/wwwroot/default/laosan/Application/Runtime/Cache/Home/58c9b418295366ada92ef91abf88ff39.php 第 65 行.
NOTIC: [8] Undefined index: series_title /data/wwwroot/default/laosan/Application/Runtime/Cache/Home/58c9b418295366ada92ef91abf88ff39.php 第 65 行.
NOTIC: [8] Undefined index: series_title /data/wwwroot/default/laosan/Application/Runtime/Cache/Home/58c9b418295366ada92ef91abf88ff39.php 第 65 行.
NOTIC: [8] Undefined index: series_title /data/wwwroot/default/laosan/Application/Runtime/Cache/Home/58c9b418295366ada92ef91abf88ff39.php 第 65 行.
NOTIC: [8] Undefined index: series_title /data/wwwroot/default/laosan/Application/Runtime/Cache/Home/58c9b418295366ada92ef91abf88ff39.php 第 65 行.
INFO: Run Behavior\ParseTemplateBehavior [ RunTime:0.005959s ]
INFO: [ view_parse ] --END-- [ RunTime:0.005993s ]
INFO: [ view_filter ] --START--
INFO: Run Behavior\WriteHtmlCacheBehavior [ RunTime:0.000135s ]
INFO: [ view_filter ] --END-- [ RunTime:0.000163s ]
INFO: [ app_end ] --START--
INFO: Run Behavior\ShowPageTraceBehavior [ RunTime:0.000310s ]
INFO: [ app_end ] --END-- [ RunTime:0.000341s ]

[ 2017-05-23T09:28:55+08:00 ] 123.112.225.62 /laosan/index.php/Home/Shop/detail/goods_id/3.html
INFO: [ app_init ] --START--
INFO: Run Behavior\BuildLiteBehavior [ RunTime:0.000012s ]
INFO: [ app_init ] --END-- [ RunTime:0.000266s ]
INFO: [ app_begin ] --START--
INFO: Run Behavior\ReadHtmlCacheBehavior [ RunTime:0.000339s ]
INFO: [ app_begin ] --END-- [ RunTime:0.000378s ]
SQL: SELECT `goods_id`,`name`,`shop_price`,`thumb`,`stock`,description as description_img,u.title as unit_title FROM `ls_goods` left join ls_unit u using(unit_id)  WHERE `goods_id` = '3' LIMIT 1   [ RunTime:0.0001s ]
SQL: SELECT thumb_path as gallery_img FROM `ls_gallery` WHERE `goods_id` = 3 ORDER BY sort_number  [ RunTime:0.0001s ]
INFO: [ view_parse ] --START--
INFO: [ template_filter ] --START--
INFO: Run Behavior\ContentReplaceBehavior [ RunTime:0.000040s ]
INFO: [ template_filter ] --END-- [ RunTime:0.000076s ]
NOTIC: [8] Undefined index: series_title /data/wwwroot/default/laosan/Application/Runtime/Cache/Home/3bf00063fd5f7d52a503fd6d8a404a64.php 第 68 行.
INFO: Run Behavior\ParseTemplateBehavior [ RunTime:0.005123s ]
INFO: [ view_parse ] --END-- [ RunTime:0.005154s ]
INFO: [ view_filter ] --START--
INFO: Run Behavior\WriteHtmlCacheBehavior [ RunTime:0.000109s ]
INFO: [ view_filter ] --END-- [ RunTime:0.000142s ]
INFO: [ app_end ] --START--
INFO: Run Behavior\ShowPageTraceBehavior [ RunTime:0.000326s ]
INFO: [ app_end ] --END-- [ RunTime:0.000356s ]

[ 2017-05-23T09:28:56+08:00 ] 117.185.27.115 /laosan/index.php
INFO: [ app_init ] --START--
INFO: Run Behavior\BuildLiteBehavior [ RunTime:0.000011s ]
INFO: [ app_init ] --END-- [ RunTime:0.000298s ]
INFO: [ app_begin ] --START--
INFO: Run Behavior\ReadHtmlCacheBehavior [ RunTime:0.000331s ]
INFO: [ app_begin ] --END-- [ RunTime:0.000380s ]
SQL: SELECT `banner_thumb` FROM `ls_banner` ORDER BY sort_number  [ RunTime:0.0001s ]
SQL: SELECT `type_id`,`title`,`type_thumb` FROM `ls_type` WHERE `is_display` = 1 ORDER BY sort_number  [ RunTime:0.0001s ]
SQL: SELECT `goods_id`,`name`,`thumb`,`shop_price`,t.title as type_title FROM ls_goods g left join ls_type t  using(type_id)  WHERE `is_hot` = 1 AND `is_online` = 1 ORDER BY g.sort_number,g.goods_id  [ RunTime:0.0001s ]
INFO: [ view_parse ] --START--
INFO: [ template_filter ] --START--
INFO: Run Behavior\ContentReplaceBehavior [ RunTime:0.000054s ]
INFO: [ template_filter ] --END-- [ RunTime:0.000103s ]
NOTIC: [8] Undefined index: series_title /data/wwwroot/default/laosan/Application/Runtime/Cache/Home/58c9b418295366ada92ef91abf88ff39.php 第 65 行.
NOTIC: [8] Undefined index: series_title /data/wwwroot/default/laosan/Application/Runtime/Cache/Home/58c9b418295366ada92ef91abf88ff39.php 第 65 行.
NOTIC: [8] Undefined index: series_title /data/wwwroot/default/laosan/Application/Runtime/Cache/Home/58c9b418295366ada92ef91abf88ff39.php 第 65 行.
NOTIC: [8] Undefined index: series_title /data/wwwroot/default/laosan/Application/Runtime/Cache/Home/58c9b418295366ada92ef91abf88ff39.php 第 65 行.
NOTIC: [8] Undefined index: series_title /data/wwwroot/default/laosan/Application/Runtime/Cache/Home/58c9b418295366ada92ef91abf88ff39.php 第 65 行.
NOTIC: [8] Undefined index: series_title /data/wwwroot/default/laosan/Application/Runtime/Cache/Home/58c9b418295366ada92ef91abf88ff39.php 第 65 行.
INFO: Run Behavior\ParseTemplateBehavior [ RunTime:0.006699s ]
INFO: [ view_parse ] --END-- [ RunTime:0.006733s ]
INFO: [ view_filter ] --START--
INFO: Run Behavior\WriteHtmlCacheBehavior [ RunTime:0.000108s ]
INFO: [ view_filter ] --END-- [ RunTime:0.000133s ]
INFO: [ app_end ] --START--
INFO: Run Behavior\ShowPageTraceBehavior [ RunTime:0.000295s ]
INFO: [ app_end ] --END-- [ RunTime:0.000326s ]

[ 2017-05-23T09:30:52+08:00 ] 101.226.125.105 /laosan/index.php/home/shop/detail/goods_id/3.html
INFO: [ app_init ] --START--
INFO: Run Behavior\BuildLiteBehavior [ RunTime:0.000011s ]
INFO: [ app_init ] --END-- [ RunTime:0.000244s ]
INFO: [ app_begin ] --START--
INFO: Run Behavior\ReadHtmlCacheBehavior [ RunTime:0.000303s ]
INFO: [ app_begin ] --END-- [ RunTime:0.000340s ]
SQL: SELECT `goods_id`,`name`,`shop_price`,`thumb`,`stock`,description as description_img,u.title as unit_title FROM `ls_goods` left join ls_unit u using(unit_id)  WHERE `goods_id` = '3' LIMIT 1   [ RunTime:0.0001s ]
SQL: SELECT thumb_path as gallery_img FROM `ls_gallery` WHERE `goods_id` = 3 ORDER BY sort_number  [ RunTime:0.0001s ]
INFO: [ view_parse ] --START--
INFO: [ template_filter ] --START--
INFO: Run Behavior\ContentReplaceBehavior [ RunTime:0.000041s ]
INFO: [ template_filter ] --END-- [ RunTime:0.000075s ]
NOTIC: [8] Undefined index: series_title /data/wwwroot/default/laosan/Application/Runtime/Cache/Home/3bf00063fd5f7d52a503fd6d8a404a64.php 第 68 行.
INFO: Run Behavior\ParseTemplateBehavior [ RunTime:0.004809s ]
INFO: [ view_parse ] --END-- [ RunTime:0.004840s ]
INFO: [ view_filter ] --START--
INFO: Run Behavior\WriteHtmlCacheBehavior [ RunTime:0.000101s ]
INFO: [ view_filter ] --END-- [ RunTime:0.000126s ]
INFO: [ app_end ] --START--
INFO: Run Behavior\ShowPageTraceBehavior [ RunTime:0.000333s ]
INFO: [ app_end ] --END-- [ RunTime:0.000362s ]

[ 2017-05-23T09:31:09+08:00 ] 123.112.225.62 /laosan/index.php/Home/Shop/detail/goods_id/5.html
INFO: [ app_init ] --START--
INFO: Run Behavior\BuildLiteBehavior [ RunTime:0.000012s ]
INFO: [ app_init ] --END-- [ RunTime:0.000259s ]
INFO: [ app_begin ] --START--
INFO: Run Behavior\ReadHtmlCacheBehavior [ RunTime:0.000341s ]
INFO: [ app_begin ] --END-- [ RunTime:0.000378s ]
SQL: SELECT `goods_id`,`name`,`shop_price`,`thumb`,`stock`,description as description_img,u.title as unit_title FROM `ls_goods` left join ls_unit u using(unit_id)  WHERE `goods_id` = '5' LIMIT 1   [ RunTime:0.0001s ]
SQL: SELECT thumb_path as gallery_img FROM `ls_gallery` WHERE `goods_id` = 5 ORDER BY sort_number  [ RunTime:0.0001s ]
INFO: [ view_parse ] --START--
INFO: [ template_filter ] --START--
INFO: Run Behavior\ContentReplaceBehavior [ RunTime:0.000044s ]
INFO: [ template_filter ] --END-- [ RunTime:0.000080s ]
NOTIC: [8] Undefined index: series_title /data/wwwroot/default/laosan/Application/Runtime/Cache/Home/3bf00063fd5f7d52a503fd6d8a404a64.php 第 68 行.
INFO: Run Behavior\ParseTemplateBehavior [ RunTime:0.004869s ]
INFO: [ view_parse ] --END-- [ RunTime:0.004905s ]
INFO: [ view_filter ] --START--
INFO: Run Behavior\WriteHtmlCacheBehavior [ RunTime:0.000104s ]
INFO: [ view_filter ] --END-- [ RunTime:0.000129s ]
INFO: [ app_end ] --START--
INFO: Run Behavior\ShowPageTraceBehavior [ RunTime:0.000338s ]
INFO: [ app_end ] --END-- [ RunTime:0.000407s ]

[ 2017-05-23T09:31:12+08:00 ] 123.112.225.62 /laosan/index.php/Home/Buy/cartadd
INFO: [ app_init ] --START--
INFO: Run Behavior\BuildLiteBehavior [ RunTime:0.000012s ]
INFO: [ app_init ] --END-- [ RunTime:0.000272s ]
INFO: [ app_begin ] --START--
INFO: Run Behavior\ReadHtmlCacheBehavior [ RunTime:0.000309s ]
INFO: [ app_begin ] --END-- [ RunTime:0.000353s ]

[ 2017-05-23T09:31:12+08:00 ] 123.112.225.62 /laosan//index.php/Home/User/login.html
INFO: [ app_init ] --START--
INFO: Run Behavior\BuildLiteBehavior [ RunTime:0.000013s ]
INFO: [ app_init ] --END-- [ RunTime:0.000277s ]
INFO: [ app_begin ] --START--
INFO: Run Behavior\ReadHtmlCacheBehavior [ RunTime:0.000380s ]
INFO: [ app_begin ] --END-- [ RunTime:0.000425s ]
INFO: [ app_end ] --START--
INFO: Run Behavior\ShowPageTraceBehavior [ RunTime:0.000345s ]
INFO: [ app_end ] --END-- [ RunTime:0.000394s ]

[ 2017-05-23T09:32:00+08:00 ] 123.112.225.62 /laosan/index.php/Home/Shop/detail/goods_id/3.html
INFO: [ app_init ] --START--
INFO: Run Behavior\BuildLiteBehavior [ RunTime:0.000011s ]
INFO: [ app_init ] --END-- [ RunTime:0.000242s ]
INFO: [ app_begin ] --START--
INFO: Run Behavior\ReadHtmlCacheBehavior [ RunTime:0.000303s ]
INFO: [ app_begin ] --END-- [ RunTime:0.000340s ]
SQL: SELECT `goods_id`,`name`,`shop_price`,`thumb`,`stock`,description as description_img,u.title as unit_title FROM `ls_goods` left join ls_unit u using(unit_id)  WHERE `goods_id` = '3' LIMIT 1   [ RunTime:0.0001s ]
SQL: SELECT thumb_path as gallery_img FROM `ls_gallery` WHERE `goods_id` = 3 ORDER BY sort_number  [ RunTime:0.0001s ]
INFO: [ view_parse ] --START--
INFO: [ template_filter ] --START--
INFO: Run Behavior\ContentReplaceBehavior [ RunTime:0.000042s ]
INFO: [ template_filter ] --END-- [ RunTime:0.000077s ]
NOTIC: [8] Undefined index: series_title /data/wwwroot/default/laosan/Application/Runtime/Cache/Home/3bf00063fd5f7d52a503fd6d8a404a64.php 第 68 行.
INFO: Run Behavior\ParseTemplateBehavior [ RunTime:0.004975s ]
INFO: [ view_parse ] --END-- [ RunTime:0.005015s ]
INFO: [ view_filter ] --START--
INFO: Run Behavior\WriteHtmlCacheBehavior [ RunTime:0.000132s ]
INFO: [ view_filter ] --END-- [ RunTime:0.000165s ]
INFO: [ app_end ] --START--
INFO: Run Behavior\ShowPageTraceBehavior [ RunTime:0.000320s ]
INFO: [ app_end ] --END-- [ RunTime:0.000351s ]

[ 2017-05-23T09:32:03+08:00 ] 123.112.225.62 /laosan/index.php/Home/User/m
INFO: [ app_init ] --START--
INFO: Run Behavior\BuildLiteBehavior [ RunTime:0.000012s ]
INFO: [ app_init ] --END-- [ RunTime:0.000262s ]
INFO: [ app_begin ] --START--
INFO: Run Behavior\ReadHtmlCacheBehavior [ RunTime:0.000309s ]
INFO: [ app_begin ] --END-- [ RunTime:0.000346s ]
NOTIC: [8] Undefined index: userinfo /data/wwwroot/default/laosan/Application/Home/Controller/UserController.class.php 第 342 行.
NOTIC: [8] Undefined index: userinfo /data/wwwroot/default/laosan/Application/Home/Controller/UserController.class.php 第 346 行.

[ 2017-05-23T09:32:04+08:00 ] 123.112.225.62 /laosan//index.php/Home/User/login.html
INFO: [ app_init ] --START--
INFO: Run Behavior\BuildLiteBehavior [ RunTime:0.000014s ]
INFO: [ app_init ] --END-- [ RunTime:0.000260s ]
INFO: [ app_begin ] --START--
INFO: Run Behavior\ReadHtmlCacheBehavior [ RunTime:0.000295s ]
INFO: [ app_begin ] --END-- [ RunTime:0.000334s ]
INFO: [ app_end ] --START--
INFO: Run Behavior\ShowPageTraceBehavior [ RunTime:0.000312s ]
INFO: [ app_end ] --END-- [ RunTime:0.000359s ]

[ 2017-05-23T09:38:27+08:00 ] 123.112.225.62 /laosan/index.php/Home/Shop/list/type_id/1.html
INFO: [ app_init ] --START--
INFO: Run Behavior\BuildLiteBehavior [ RunTime:0.000012s ]
INFO: [ app_init ] --END-- [ RunTime:0.000263s ]
INFO: [ app_begin ] --START--
INFO: Run Behavior\ReadHtmlCacheBehavior [ RunTime:0.000340s ]
INFO: [ app_begin ] --END-- [ RunTime:0.000379s ]
SQL: SELECT `goods_id`,`name`,`thumb`,`shop_price`,t.title as type_title FROM ls_goods g left join ls_type t using(type_id)  WHERE t.type_id = '1' AND t.is_display = 1 AND g.is_online = 1 ORDER BY g.sort_number,g.goods_id LIMIT 0,6   [ RunTime:0.0001s ]
INFO: [ view_parse ] --START--
INFO: [ template_filter ] --START--
INFO: Run Behavior\ContentReplaceBehavior [ RunTime:0.000037s ]
INFO: [ template_filter ] --END-- [ RunTime:0.000077s ]
NOTIC: [8] Undefined index: series_title /data/wwwroot/default/laosan/Application/Runtime/Cache/Home/3295a9e85f524b7ed7d0e026f7c84057.php 第 24 行.
NOTIC: [8] Undefined index: series_title /data/wwwroot/default/laosan/Application/Runtime/Cache/Home/3295a9e85f524b7ed7d0e026f7c84057.php 第 24 行.
NOTIC: [8] Undefined index: series_title /data/wwwroot/default/laosan/Application/Runtime/Cache/Home/3295a9e85f524b7ed7d0e026f7c84057.php 第 24 行.
NOTIC: [8] Undefined index: series_title /data/wwwroot/default/laosan/Application/Runtime/Cache/Home/3295a9e85f524b7ed7d0e026f7c84057.php 第 24 行.
NOTIC: [8] Undefined index: series_title /data/wwwroot/default/laosan/Application/Runtime/Cache/Home/3295a9e85f524b7ed7d0e026f7c84057.php 第 24 行.
NOTIC: [8] Undefined index: series_title /data/wwwroot/default/laosan/Application/Runtime/Cache/Home/3295a9e85f524b7ed7d0e026f7c84057.php 第 24 行.
INFO: Run Behavior\ParseTemplateBehavior [ RunTime:0.004791s ]
INFO: [ view_parse ] --END-- [ RunTime:0.004830s ]
INFO: [ view_filter ] --START--
INFO: Run Behavior\WriteHtmlCacheBehavior [ RunTime:0.000113s ]
INFO: [ view_filter ] --END-- [ RunTime:0.000161s ]
INFO: [ app_end ] --START--
INFO: Run Behavior\ShowPageTraceBehavior [ RunTime:0.000335s ]
INFO: [ app_end ] --END-- [ RunTime:0.000373s ]

[ 2017-05-23T09:38:28+08:00 ] 123.112.225.62 /laosan/index.php/Home/Shop/list?type_id=1&page=1
INFO: [ app_init ] --START--
INFO: Run Behavior\BuildLiteBehavior [ RunTime:0.000012s ]
INFO: [ app_init ] --END-- [ RunTime:0.000237s ]
INFO: [ app_begin ] --START--
INFO: Run Behavior\ReadHtmlCacheBehavior [ RunTime:0.000294s ]
INFO: [ app_begin ] --END-- [ RunTime:0.000334s ]
SQL: SELECT `goods_id`,`name`,`thumb`,`shop_price`,t.title as type_title FROM ls_goods g left join ls_type t using(type_id)  WHERE t.type_id = '1' AND t.is_display = 1 AND g.is_online = 1 ORDER BY g.sort_number,g.goods_id LIMIT 0,6   [ RunTime:0.0001s ]
INFO: [ view_parse ] --START--
INFO: [ template_filter ] --START--
INFO: Run Behavior\ContentReplaceBehavior [ RunTime:0.000034s ]
INFO: [ template_filter ] --END-- [ RunTime:0.000067s ]
NOTIC: [8] Undefined index: series_title /data/wwwroot/default/laosan/Application/Runtime/Cache/Home/3295a9e85f524b7ed7d0e026f7c84057.php 第 24 行.
NOTIC: [8] Undefined index: series_title /data/wwwroot/default/laosan/Application/Runtime/Cache/Home/3295a9e85f524b7ed7d0e026f7c84057.php 第 24 行.
NOTIC: [8] Undefined index: series_title /data/wwwroot/default/laosan/Application/Runtime/Cache/Home/3295a9e85f524b7ed7d0e026f7c84057.php 第 24 行.
NOTIC: [8] Undefined index: series_title /data/wwwroot/default/laosan/Application/Runtime/Cache/Home/3295a9e85f524b7ed7d0e026f7c84057.php 第 24 行.
NOTIC: [8] Undefined index: series_title /data/wwwroot/default/laosan/Application/Runtime/Cache/Home/3295a9e85f524b7ed7d0e026f7c84057.php 第 24 行.
NOTIC: [8] Undefined index: series_title /data/wwwroot/default/laosan/Application/Runtime/Cache/Home/3295a9e85f524b7ed7d0e026f7c84057.php 第 24 行.
INFO: Run Behavior\ParseTemplateBehavior [ RunTime:0.004644s ]
INFO: [ view_parse ] --END-- [ RunTime:0.004675s ]
INFO: [ view_filter ] --START--
INFO: Run Behavior\WriteHtmlCacheBehavior [ RunTime:0.000108s ]
INFO: [ view_filter ] --END-- [ RunTime:0.000131s ]
INFO: [ app_end ] --START--
INFO: Run Behavior\ShowPageTraceBehavior [ RunTime:0.000370s ]
INFO: [ app_end ] --END-- [ RunTime:0.000403s ]

[ 2017-05-23T09:38:29+08:00 ] 123.112.225.62 /laosan/index.php/Home/Shop/detail/goods_id/3.html
INFO: [ app_init ] --START--
INFO: Run Behavior\BuildLiteBehavior [ RunTime:0.000012s ]
INFO: [ app_init ] --END-- [ RunTime:0.000278s ]
INFO: [ app_begin ] --START--
INFO: Run Behavior\ReadHtmlCacheBehavior [ RunTime:0.000402s ]
INFO: [ app_begin ] --END-- [ RunTime:0.000440s ]
SQL: SELECT `goods_id`,`name`,`shop_price`,`thumb`,`stock`,description as description_img,u.title as unit_title FROM `ls_goods` left join ls_unit u using(unit_id)  WHERE `goods_id` = '3' LIMIT 1   [ RunTime:0.0001s ]
SQL: SELECT thumb_path as gallery_img FROM `ls_gallery` WHERE `goods_id` = 3 ORDER BY sort_number  [ RunTime:0.0001s ]
INFO: [ view_parse ] --START--
INFO: [ template_filter ] --START--
INFO: Run Behavior\ContentReplaceBehavior [ RunTime:0.000049s ]
INFO: [ template_filter ] --END-- [ RunTime:0.000092s ]
NOTIC: [8] Undefined index: series_title /data/wwwroot/default/laosan/Application/Runtime/Cache/Home/3bf00063fd5f7d52a503fd6d8a404a64.php 第 68 行.
INFO: Run Behavior\ParseTemplateBehavior [ RunTime:0.005045s ]
INFO: [ view_parse ] --END-- [ RunTime:0.005076s ]
INFO: [ view_filter ] --START--
INFO: Run Behavior\WriteHtmlCacheBehavior [ RunTime:0.000110s ]
INFO: [ view_filter ] --END-- [ RunTime:0.000145s ]
INFO: [ app_end ] --START--
INFO: Run Behavior\ShowPageTraceBehavior [ RunTime:0.000379s ]
INFO: [ app_end ] --END-- [ RunTime:0.000413s ]

[ 2017-05-23T09:40:30+08:00 ] 101.226.33.221 /laosan/index.php/Home/Shop/list/type_id/1.html
INFO: [ app_init ] --START--
INFO: Run Behavior\BuildLiteBehavior [ RunTime:0.000012s ]
INFO: [ app_init ] --END-- [ RunTime:0.000255s ]
INFO: [ app_begin ] --START--
INFO: Run Behavior\ReadHtmlCacheBehavior [ RunTime:0.000341s ]
INFO: [ app_begin ] --END-- [ RunTime:0.000379s ]
SQL: SELECT `goods_id`,`name`,`thumb`,`shop_price`,t.title as type_title FROM ls_goods g left join ls_type t using(type_id)  WHERE t.type_id = '1' AND t.is_display = 1 AND g.is_online = 1 ORDER BY g.sort_number,g.goods_id LIMIT 0,6   [ RunTime:0.0001s ]
INFO: [ view_parse ] --START--
INFO: [ template_filter ] --START--
INFO: Run Behavior\ContentReplaceBehavior [ RunTime:0.000073s ]
INFO: [ template_filter ] --END-- [ RunTime:0.000112s ]
NOTIC: [8] Undefined index: series_title /data/wwwroot/default/laosan/Application/Runtime/Cache/Home/3295a9e85f524b7ed7d0e026f7c84057.php 第 24 行.
NOTIC: [8] Undefined index: series_title /data/wwwroot/default/laosan/Application/Runtime/Cache/Home/3295a9e85f524b7ed7d0e026f7c84057.php 第 24 行.
NOTIC: [8] Undefined index: series_title /data/wwwroot/default/laosan/Application/Runtime/Cache/Home/3295a9e85f524b7ed7d0e026f7c84057.php 第 24 行.
NOTIC: [8] Undefined index: series_title /data/wwwroot/default/laosan/Application/Runtime/Cache/Home/3295a9e85f524b7ed7d0e026f7c84057.php 第 24 行.
NOTIC: [8] Undefined index: series_title /data/wwwroot/default/laosan/Application/Runtime/Cache/Home/3295a9e85f524b7ed7d0e026f7c84057.php 第 24 行.
NOTIC: [8] Undefined index: series_title /data/wwwroot/default/laosan/Application/Runtime/Cache/Home/3295a9e85f524b7ed7d0e026f7c84057.php 第 24 行.
INFO: Run Behavior\ParseTemplateBehavior [ RunTime:0.004754s ]
INFO: [ view_parse ] --END-- [ RunTime:0.004784s ]
INFO: [ view_filter ] --START--
INFO: Run Behavior\WriteHtmlCacheBehavior [ RunTime:0.000154s ]
INFO: [ view_filter ] --END-- [ RunTime:0.000180s ]
INFO: [ app_end ] --START--
INFO: Run Behavior\ShowPageTraceBehavior [ RunTime:0.000418s ]
INFO: [ app_end ] --END-- [ RunTime:0.000455s ]

[ 2017-05-23T10:56:29+08:00 ] 123.112.225.62 /laosan/
INFO: [ app_init ] --START--
INFO: Run Behavior\BuildLiteBehavior [ RunTime:0.000012s ]
INFO: [ app_init ] --END-- [ RunTime:0.000306s ]
INFO: [ app_begin ] --START--
INFO: Run Behavior\ReadHtmlCacheBehavior [ RunTime:0.000335s ]
INFO: [ app_begin ] --END-- [ RunTime:0.000375s ]
SQL: SELECT `banner_thumb` FROM `ls_banner` ORDER BY sort_number  [ RunTime:0.0001s ]
SQL: SELECT `type_id`,`title`,`type_thumb` FROM `ls_type` WHERE `is_display` = 1 ORDER BY sort_number  [ RunTime:0.0001s ]
SQL: SELECT `goods_id`,`name`,`thumb`,`shop_price`,t.title as type_title FROM ls_goods g left join ls_type t  using(type_id)  WHERE `is_hot` = 1 AND `is_online` = 1 ORDER BY g.sort_number,g.goods_id  [ RunTime:0.0001s ]
INFO: [ view_parse ] --START--
INFO: [ template_filter ] --START--
INFO: Run Behavior\ContentReplaceBehavior [ RunTime:0.000053s ]
INFO: [ template_filter ] --END-- [ RunTime:0.000097s ]
NOTIC: [8] Undefined index: series_title /data/wwwroot/default/laosan/Application/Runtime/Cache/Home/58c9b418295366ada92ef91abf88ff39.php 第 65 行.
NOTIC: [8] Undefined index: series_title /data/wwwroot/default/laosan/Application/Runtime/Cache/Home/58c9b418295366ada92ef91abf88ff39.php 第 65 行.
NOTIC: [8] Undefined index: series_title /data/wwwroot/default/laosan/Application/Runtime/Cache/Home/58c9b418295366ada92ef91abf88ff39.php 第 65 行.
NOTIC: [8] Undefined index: series_title /data/wwwroot/default/laosan/Application/Runtime/Cache/Home/58c9b418295366ada92ef91abf88ff39.php 第 65 行.
NOTIC: [8] Undefined index: series_title /data/wwwroot/default/laosan/Application/Runtime/Cache/Home/58c9b418295366ada92ef91abf88ff39.php 第 65 行.
NOTIC: [8] Undefined index: series_title /data/wwwroot/default/laosan/Application/Runtime/Cache/Home/58c9b418295366ada92ef91abf88ff39.php 第 65 行.
INFO: Run Behavior\ParseTemplateBehavior [ RunTime:0.006809s ]
INFO: [ view_parse ] --END-- [ RunTime:0.006842s ]
INFO: [ view_filter ] --START--
INFO: Run Behavior\WriteHtmlCacheBehavior [ RunTime:0.000142s ]
INFO: [ view_filter ] --END-- [ RunTime:0.000178s ]
INFO: [ app_end ] --START--
INFO: Run Behavior\ShowPageTraceBehavior [ RunTime:0.000311s ]
INFO: [ app_end ] --END-- [ RunTime:0.000342s ]

