[ 2017-05-10T17:06:34+08:00 ] 123.120.252.103 /index.php/Back/Banner/list
INFO: [ app_init ] --START--
INFO: Run Behavior\BuildLiteBehavior [ RunTime:0.000012s ]
INFO: [ app_init ] --END-- [ RunTime:0.000075s ]

[ 2017-05-10T17:06:34+08:00 ] 123.120.252.103 /index.php/Back/Admin/login.html
INFO: [ app_init ] --START--
INFO: Run Behavior\BuildLiteBehavior [ RunTime:0.000011s ]
INFO: [ app_init ] --END-- [ RunTime:0.000084s ]

[ 2017-05-10T17:06:40+08:00 ] 123.120.252.103 /index.php/Back/Admin/login.html
INFO: [ app_init ] --START--
INFO: Run Behavior\BuildLiteBehavior [ RunTime:0.000010s ]
INFO: [ app_init ] --END-- [ RunTime:0.000065s ]

[ 2017-05-10T17:06:40+08:00 ] 123.120.252.103 /index.php/Back/Admin/list
INFO: [ app_init ] --START--
INFO: Run Behavior\BuildLiteBehavior [ RunTime:0.000012s ]
INFO: [ app_init ] --END-- [ RunTime:0.000084s ]

[ 2017-05-10T17:06:51+08:00 ] 123.120.252.103 /index.php/Back/Series/list.html
INFO: [ app_init ] --START--
INFO: Run Behavior\BuildLiteBehavior [ RunTime:0.000012s ]
INFO: [ app_init ] --END-- [ RunTime:0.000079s ]

[ 2017-05-10T17:06:54+08:00 ] 123.120.252.103 /index.php/Back/Series/set/series_id/1.html
INFO: [ app_init ] --START--
INFO: Run Behavior\BuildLiteBehavior [ RunTime:0.000011s ]
INFO: [ app_init ] --END-- [ RunTime:0.000085s ]

[ 2017-05-10T17:07:03+08:00 ] 123.120.252.103 /index.php/Back/Series/upload.html
INFO: [ app_init ] --START--
INFO: Run Behavior\BuildLiteBehavior [ RunTime:0.000016s ]
INFO: [ app_init ] --END-- [ RunTime:0.000104s ]
INFO: [ app_begin ] --START--
INFO: Run Behavior\ReadHtmlCacheBehavior [ RunTime:0.000030s ]
INFO: [ app_begin ] --END-- [ RunTime:0.000068s ]
NOTIC: [2] call_user_func() expects parameter 1 to be a valid callback, no array or string given /data/wwwroot/default/wbb/ThinkPHP/Library/Think/Upload.class.php 第 170 行.
NOTIC: [8] Undefined variable: x /data/wwwroot/default/wbb/ThinkPHP/Library/Think/Image/Driver/Gd.class.php 第 270 行.
NOTIC: [8] Undefined variable: y /data/wwwroot/default/wbb/ThinkPHP/Library/Think/Image/Driver/Gd.class.php 第 270 行.

[ 2017-05-10T17:07:13+08:00 ] 123.120.252.103 /index.php/Back/Series/upload.html
INFO: [ app_init ] --START--
INFO: Run Behavior\BuildLiteBehavior [ RunTime:0.000011s ]
INFO: [ app_init ] --END-- [ RunTime:0.000078s ]
INFO: [ app_begin ] --START--
INFO: Run Behavior\ReadHtmlCacheBehavior [ RunTime:0.000030s ]
INFO: [ app_begin ] --END-- [ RunTime:0.000057s ]
NOTIC: [2] call_user_func() expects parameter 1 to be a valid callback, no array or string given /data/wwwroot/default/wbb/ThinkPHP/Library/Think/Upload.class.php 第 170 行.
NOTIC: [8] Undefined variable: x /data/wwwroot/default/wbb/ThinkPHP/Library/Think/Image/Driver/Gd.class.php 第 270 行.
NOTIC: [8] Undefined variable: y /data/wwwroot/default/wbb/ThinkPHP/Library/Think/Image/Driver/Gd.class.php 第 270 行.

[ 2017-05-10T17:07:39+08:00 ] 123.120.252.103 /index.php/Back/Series/upload.html
INFO: [ app_init ] --START--
INFO: Run Behavior\BuildLiteBehavior [ RunTime:0.000013s ]
INFO: [ app_init ] --END-- [ RunTime:0.000095s ]
INFO: [ app_begin ] --START--
INFO: Run Behavior\ReadHtmlCacheBehavior [ RunTime:0.000051s ]
INFO: [ app_begin ] --END-- [ RunTime:0.000101s ]
NOTIC: [2] call_user_func() expects parameter 1 to be a valid callback, no array or string given /data/wwwroot/default/wbb/ThinkPHP/Library/Think/Upload.class.php 第 170 行.
NOTIC: [8] Undefined variable: x /data/wwwroot/default/wbb/ThinkPHP/Library/Think/Image/Driver/Gd.class.php 第 270 行.
NOTIC: [8] Undefined variable: y /data/wwwroot/default/wbb/ThinkPHP/Library/Think/Image/Driver/Gd.class.php 第 270 行.

[ 2017-05-10T17:07:42+08:00 ] 123.120.252.103 /index.php/Back/Series/ajax.html?title=%E4%B8%87%E5%AE%9D%E5%AE%9D%C2%B7%E5%B0%8F%E5%B0%8F%E7%B3%BB%E5%88%97+%E7%AC%AC%E4%B8%80%E5%AD%A3&series_id=1
INFO: [ app_init ] --START--
INFO: Run Behavior\BuildLiteBehavior [ RunTime:0.000013s ]
INFO: [ app_init ] --END-- [ RunTime:0.000077s ]
INFO: [ app_begin ] --START--
INFO: Run Behavior\ReadHtmlCacheBehavior [ RunTime:0.000069s ]
INFO: [ app_begin ] --END-- [ RunTime:0.000108s ]
SQL: SELECT * FROM `wb_series` WHERE `title` = '万宝宝·小小系列 第一季' AND `series_id` <> '1' LIMIT 1   [ RunTime:0.0005s ]
INFO: [ app_end ] --START--
INFO: Run Behavior\ShowPageTraceBehavior [ RunTime:0.000038s ]
INFO: [ app_end ] --END-- [ RunTime:0.000065s ]

[ 2017-05-10T17:07:42+08:00 ] 123.120.252.103 /index.php/Back/Series/set.html
INFO: [ app_init ] --START--
INFO: Run Behavior\BuildLiteBehavior [ RunTime:0.000013s ]
INFO: [ app_init ] --END-- [ RunTime:0.000080s ]

[ 2017-05-10T17:07:42+08:00 ] 123.120.252.103 /index.php/Back/Series/list
INFO: [ app_init ] --START--
INFO: Run Behavior\BuildLiteBehavior [ RunTime:0.000012s ]
INFO: [ app_init ] --END-- [ RunTime:0.000076s ]

[ 2017-05-10T17:07:50+08:00 ] 123.120.252.103 /index.php/Back/Series/set/series_id/2.html
INFO: [ app_init ] --START--
INFO: Run Behavior\BuildLiteBehavior [ RunTime:0.000012s ]
INFO: [ app_init ] --END-- [ RunTime:0.000075s ]

[ 2017-05-10T17:07:57+08:00 ] 123.120.252.103 /index.php/Back/Series/upload.html
INFO: [ app_init ] --START--
INFO: Run Behavior\BuildLiteBehavior [ RunTime:0.000012s ]
INFO: [ app_init ] --END-- [ RunTime:0.000086s ]
INFO: [ app_begin ] --START--
INFO: Run Behavior\ReadHtmlCacheBehavior [ RunTime:0.000039s ]
INFO: [ app_begin ] --END-- [ RunTime:0.000068s ]
NOTIC: [2] call_user_func() expects parameter 1 to be a valid callback, no array or string given /data/wwwroot/default/wbb/ThinkPHP/Library/Think/Upload.class.php 第 170 行.
NOTIC: [8] Undefined variable: x /data/wwwroot/default/wbb/ThinkPHP/Library/Think/Image/Driver/Gd.class.php 第 270 行.
NOTIC: [8] Undefined variable: y /data/wwwroot/default/wbb/ThinkPHP/Library/Think/Image/Driver/Gd.class.php 第 270 行.

[ 2017-05-10T17:08:00+08:00 ] 123.120.252.103 /index.php/Back/Series/ajax.html?title=%E4%B8%87%E5%AE%9D%E5%AE%9D%C2%B7%E5%B0%8F%E5%B0%8F%E7%B3%BB%E5%88%97+%E7%AC%AC%E4%BA%8C%E5%AD%A3&series_id=2
INFO: [ app_init ] --START--
INFO: Run Behavior\BuildLiteBehavior [ RunTime:0.000018s ]
INFO: [ app_init ] --END-- [ RunTime:0.000122s ]
INFO: [ app_begin ] --START--
INFO: Run Behavior\ReadHtmlCacheBehavior [ RunTime:0.000047s ]
INFO: [ app_begin ] --END-- [ RunTime:0.000091s ]
SQL: SELECT * FROM `wb_series` WHERE `title` = '万宝宝·小小系列 第二季' AND `series_id` <> '2' LIMIT 1   [ RunTime:0.0006s ]
INFO: [ app_end ] --START--
INFO: Run Behavior\ShowPageTraceBehavior [ RunTime:0.000041s ]
INFO: [ app_end ] --END-- [ RunTime:0.000067s ]

[ 2017-05-10T17:08:01+08:00 ] 123.120.252.103 /index.php/Back/Series/set.html
INFO: [ app_init ] --START--
INFO: Run Behavior\BuildLiteBehavior [ RunTime:0.000013s ]
INFO: [ app_init ] --END-- [ RunTime:0.000078s ]

[ 2017-05-10T17:08:01+08:00 ] 123.120.252.103 /index.php/Back/Series/list
INFO: [ app_init ] --START--
INFO: Run Behavior\BuildLiteBehavior [ RunTime:0.000011s ]
INFO: [ app_init ] --END-- [ RunTime:0.000076s ]

[ 2017-05-10T17:08:06+08:00 ] 123.120.252.103 /index.php/Back/Series/set/series_id/3.html
INFO: [ app_init ] --START--
INFO: Run Behavior\BuildLiteBehavior [ RunTime:0.000016s ]
INFO: [ app_init ] --END-- [ RunTime:0.000095s ]

[ 2017-05-10T17:08:11+08:00 ] 123.120.252.103 /index.php/Back/Series/upload.html
INFO: [ app_init ] --START--
INFO: Run Behavior\BuildLiteBehavior [ RunTime:0.000016s ]
INFO: [ app_init ] --END-- [ RunTime:0.000093s ]
INFO: [ app_begin ] --START--
INFO: Run Behavior\ReadHtmlCacheBehavior [ RunTime:0.000031s ]
INFO: [ app_begin ] --END-- [ RunTime:0.000060s ]
NOTIC: [2] call_user_func() expects parameter 1 to be a valid callback, no array or string given /data/wwwroot/default/wbb/ThinkPHP/Library/Think/Upload.class.php 第 170 行.
NOTIC: [8] Undefined variable: x /data/wwwroot/default/wbb/ThinkPHP/Library/Think/Image/Driver/Gd.class.php 第 270 行.
NOTIC: [8] Undefined variable: y /data/wwwroot/default/wbb/ThinkPHP/Library/Think/Image/Driver/Gd.class.php 第 270 行.

[ 2017-05-10T17:08:15+08:00 ] 123.120.252.103 /index.php/Back/Series/ajax.html?title=%E4%B8%87%E5%AE%9D%E5%AE%9D%C2%B7%E5%B0%8F%E5%B0%8F%E7%B3%BB%E5%88%97+%E7%AC%AC%E4%B8%89%E5%AD%A3&series_id=3
INFO: [ app_init ] --START--
INFO: Run Behavior\BuildLiteBehavior [ RunTime:0.000012s ]
INFO: [ app_init ] --END-- [ RunTime:0.000094s ]
INFO: [ app_begin ] --START--
INFO: Run Behavior\ReadHtmlCacheBehavior [ RunTime:0.000033s ]
INFO: [ app_begin ] --END-- [ RunTime:0.000061s ]
SQL: SELECT * FROM `wb_series` WHERE `title` = '万宝宝·小小系列 第三季' AND `series_id` <> '3' LIMIT 1   [ RunTime:0.0004s ]
INFO: [ app_end ] --START--
INFO: Run Behavior\ShowPageTraceBehavior [ RunTime:0.000052s ]
INFO: [ app_end ] --END-- [ RunTime:0.000091s ]

[ 2017-05-10T17:08:15+08:00 ] 123.120.252.103 /index.php/Back/Series/set.html
INFO: [ app_init ] --START--
INFO: Run Behavior\BuildLiteBehavior [ RunTime:0.000012s ]
INFO: [ app_init ] --END-- [ RunTime:0.000091s ]

[ 2017-05-10T17:08:15+08:00 ] 123.120.252.103 /index.php/Back/Series/list
INFO: [ app_init ] --START--
INFO: Run Behavior\BuildLiteBehavior [ RunTime:0.000011s ]
INFO: [ app_init ] --END-- [ RunTime:0.000070s ]

[ 2017-05-10T17:08:25+08:00 ] 123.120.252.103 /index.php/Back/Series/set/series_id/4.html
INFO: [ app_init ] --START--
INFO: Run Behavior\BuildLiteBehavior [ RunTime:0.000012s ]
INFO: [ app_init ] --END-- [ RunTime:0.000071s ]

[ 2017-05-10T17:08:31+08:00 ] 123.120.252.103 /index.php/Back/Series/upload.html
INFO: [ app_init ] --START--
INFO: Run Behavior\BuildLiteBehavior [ RunTime:0.000012s ]
INFO: [ app_init ] --END-- [ RunTime:0.000074s ]
INFO: [ app_begin ] --START--
INFO: Run Behavior\ReadHtmlCacheBehavior [ RunTime:0.000028s ]
INFO: [ app_begin ] --END-- [ RunTime:0.000054s ]
NOTIC: [2] call_user_func() expects parameter 1 to be a valid callback, no array or string given /data/wwwroot/default/wbb/ThinkPHP/Library/Think/Upload.class.php 第 170 行.
NOTIC: [8] Undefined variable: x /data/wwwroot/default/wbb/ThinkPHP/Library/Think/Image/Driver/Gd.class.php 第 270 行.
NOTIC: [8] Undefined variable: y /data/wwwroot/default/wbb/ThinkPHP/Library/Think/Image/Driver/Gd.class.php 第 270 行.

[ 2017-05-10T17:08:34+08:00 ] 123.120.252.103 /index.php/Back/Series/ajax.html?title=%E4%B8%87%E5%AE%9D%E5%AE%9D%C2%B7%E5%B0%8F%E5%B0%8F%E7%B3%BB%E5%88%97+%E7%AC%AC%E5%9B%9B%E5%AD%A3&series_id=4
INFO: [ app_init ] --START--
INFO: Run Behavior\BuildLiteBehavior [ RunTime:0.000015s ]
INFO: [ app_init ] --END-- [ RunTime:0.000090s ]
INFO: [ app_begin ] --START--
INFO: Run Behavior\ReadHtmlCacheBehavior [ RunTime:0.000032s ]
INFO: [ app_begin ] --END-- [ RunTime:0.000060s ]
SQL: SELECT * FROM `wb_series` WHERE `title` = '万宝宝·小小系列 第四季' AND `series_id` <> '4' LIMIT 1   [ RunTime:0.0005s ]
INFO: [ app_end ] --START--
INFO: Run Behavior\ShowPageTraceBehavior [ RunTime:0.000051s ]
INFO: [ app_end ] --END-- [ RunTime:0.000090s ]

[ 2017-05-10T17:08:34+08:00 ] 123.120.252.103 /index.php/Back/Series/set.html
INFO: [ app_init ] --START--
INFO: Run Behavior\BuildLiteBehavior [ RunTime:0.000048s ]
INFO: [ app_init ] --END-- [ RunTime:0.000141s ]

[ 2017-05-10T17:08:34+08:00 ] 123.120.252.103 /index.php/Back/Series/list
INFO: [ app_init ] --START--
INFO: Run Behavior\BuildLiteBehavior [ RunTime:0.000010s ]
INFO: [ app_init ] --END-- [ RunTime:0.000076s ]

[ 2017-05-10T17:08:40+08:00 ] 123.120.252.103 /index.php/Back/Series/set/series_id/5.html
INFO: [ app_init ] --START--
INFO: Run Behavior\BuildLiteBehavior [ RunTime:0.000018s ]
INFO: [ app_init ] --END-- [ RunTime:0.000107s ]

[ 2017-05-10T17:08:47+08:00 ] 123.120.252.103 /index.php/Back/Series/upload.html
INFO: [ app_init ] --START--
INFO: Run Behavior\BuildLiteBehavior [ RunTime:0.000011s ]
INFO: [ app_init ] --END-- [ RunTime:0.000073s ]
INFO: [ app_begin ] --START--
INFO: Run Behavior\ReadHtmlCacheBehavior [ RunTime:0.000028s ]
INFO: [ app_begin ] --END-- [ RunTime:0.000054s ]
NOTIC: [2] call_user_func() expects parameter 1 to be a valid callback, no array or string given /data/wwwroot/default/wbb/ThinkPHP/Library/Think/Upload.class.php 第 170 行.
NOTIC: [8] Undefined variable: x /data/wwwroot/default/wbb/ThinkPHP/Library/Think/Image/Driver/Gd.class.php 第 270 行.
NOTIC: [8] Undefined variable: y /data/wwwroot/default/wbb/ThinkPHP/Library/Think/Image/Driver/Gd.class.php 第 270 行.

[ 2017-05-10T17:08:48+08:00 ] 123.120.252.103 /index.php/Back/Series/ajax.html?title=%E4%B8%87%E5%AE%9D%E5%AE%9D%C2%B7%E7%94%9C%E5%93%81%E7%B3%BB%E5%88%97&series_id=5
INFO: [ app_init ] --START--
INFO: Run Behavior\BuildLiteBehavior [ RunTime:0.000015s ]
INFO: [ app_init ] --END-- [ RunTime:0.000095s ]
INFO: [ app_begin ] --START--
INFO: Run Behavior\ReadHtmlCacheBehavior [ RunTime:0.000030s ]
INFO: [ app_begin ] --END-- [ RunTime:0.000057s ]
SQL: SELECT * FROM `wb_series` WHERE `title` = '万宝宝·甜品系列' AND `series_id` <> '5' LIMIT 1   [ RunTime:0.0004s ]
INFO: [ app_end ] --START--
INFO: Run Behavior\ShowPageTraceBehavior [ RunTime:0.000035s ]
INFO: [ app_end ] --END-- [ RunTime:0.000061s ]

[ 2017-05-10T17:08:48+08:00 ] 123.120.252.103 /index.php/Back/Series/set.html
INFO: [ app_init ] --START--
INFO: Run Behavior\BuildLiteBehavior [ RunTime:0.000011s ]
INFO: [ app_init ] --END-- [ RunTime:0.000072s ]

[ 2017-05-10T17:08:49+08:00 ] 123.120.252.103 /index.php/Back/Series/list
INFO: [ app_init ] --START--
INFO: Run Behavior\BuildLiteBehavior [ RunTime:0.000011s ]
INFO: [ app_init ] --END-- [ RunTime:0.000072s ]

[ 2017-05-10T17:09:25+08:00 ] 123.120.252.103 /index.php/Back/Order/list/order_statu_id/2.html
INFO: [ app_init ] --START--
INFO: Run Behavior\BuildLiteBehavior [ RunTime:0.000012s ]
INFO: [ app_init ] --END-- [ RunTime:0.000075s ]

[ 2017-05-10T17:19:19+08:00 ] 123.120.252.103 /Back/Order/list
INFO: [ app_init ] --START--
INFO: Run Behavior\BuildLiteBehavior [ RunTime:0.000011s ]
INFO: [ app_init ] --END-- [ RunTime:0.000072s ]

[ 2017-05-10T17:19:19+08:00 ] 123.120.252.103 /index.php/Back/Admin/login.html
INFO: [ app_init ] --START--
INFO: Run Behavior\BuildLiteBehavior [ RunTime:0.000010s ]
INFO: [ app_init ] --END-- [ RunTime:0.000061s ]

[ 2017-05-10T17:19:28+08:00 ] 123.120.252.103 /index.php/Back/Admin/login.html
INFO: [ app_init ] --START--
INFO: Run Behavior\BuildLiteBehavior [ RunTime:0.000012s ]
INFO: [ app_init ] --END-- [ RunTime:0.000076s ]

[ 2017-05-10T17:19:28+08:00 ] 123.120.252.103 /index.php/Back/Admin/list
INFO: [ app_init ] --START--
INFO: Run Behavior\BuildLiteBehavior [ RunTime:0.000015s ]
INFO: [ app_init ] --END-- [ RunTime:0.000112s ]

[ 2017-05-10T17:19:28+08:00 ] 101.226.125.111 /index.php/Back/Admin/login.html
INFO: [ app_init ] --START--
INFO: Run Behavior\BuildLiteBehavior [ RunTime:0.000012s ]
INFO: [ app_init ] --END-- [ RunTime:0.000072s ]

[ 2017-05-10T17:19:36+08:00 ] 180.153.206.16 /Back/Order/list
INFO: [ app_init ] --START--
INFO: Run Behavior\BuildLiteBehavior [ RunTime:0.000012s ]
INFO: [ app_init ] --END-- [ RunTime:0.000076s ]

[ 2017-05-10T17:19:36+08:00 ] 180.153.206.16 /index.php/Back/Admin/login.html
INFO: [ app_init ] --START--
INFO: Run Behavior\BuildLiteBehavior [ RunTime:0.000011s ]
INFO: [ app_init ] --END-- [ RunTime:0.000069s ]

[ 2017-05-10T17:19:49+08:00 ] 123.120.252.103 /index.php/Back/Order/list.html
INFO: [ app_init ] --START--
INFO: Run Behavior\BuildLiteBehavior [ RunTime:0.000018s ]
INFO: [ app_init ] --END-- [ RunTime:0.000129s ]

[ 2017-05-10T17:19:58+08:00 ] 101.226.33.224 /index.php/Back/Order/list.html
INFO: [ app_init ] --START--
INFO: Run Behavior\BuildLiteBehavior [ RunTime:0.000015s ]
INFO: [ app_init ] --END-- [ RunTime:0.000096s ]

[ 2017-05-10T17:19:58+08:00 ] 101.226.33.224 /index.php/Back/Admin/login.html
INFO: [ app_init ] --START--
INFO: Run Behavior\BuildLiteBehavior [ RunTime:0.000012s ]
INFO: [ app_init ] --END-- [ RunTime:0.000089s ]

[ 2017-05-10T17:20:49+08:00 ] 123.120.252.103 /index.php/Back/Order/list.html
INFO: [ app_init ] --START--
INFO: Run Behavior\BuildLiteBehavior [ RunTime:0.000016s ]
INFO: [ app_init ] --END-- [ RunTime:0.000105s ]

[ 2017-05-10T17:32:37+08:00 ] 123.120.252.103 /index.php/Back/Order/list.html
INFO: [ app_init ] --START--
INFO: Run Behavior\BuildLiteBehavior [ RunTime:0.000012s ]
INFO: [ app_init ] --END-- [ RunTime:0.000073s ]

[ 2017-05-10T17:32:37+08:00 ] 123.120.252.103 /index.php/Back/Order/list.html
INFO: [ app_init ] --START--
INFO: Run Behavior\BuildLiteBehavior [ RunTime:0.000011s ]
INFO: [ app_init ] --END-- [ RunTime:0.000075s ]

[ 2017-05-10T17:32:37+08:00 ] 123.120.252.103 /index.php/Back/Order/list.html
INFO: [ app_init ] --START--
INFO: Run Behavior\BuildLiteBehavior [ RunTime:0.000011s ]
INFO: [ app_init ] --END-- [ RunTime:0.000072s ]

[ 2017-05-10T17:32:38+08:00 ] 123.120.252.103 /index.php/Back/Order/list.html
INFO: [ app_init ] --START--
INFO: Run Behavior\BuildLiteBehavior [ RunTime:0.000012s ]
INFO: [ app_init ] --END-- [ RunTime:0.000074s ]

[ 2017-05-10T17:32:38+08:00 ] 123.120.252.103 /index.php/Back/Order/list.html
INFO: [ app_init ] --START--
INFO: Run Behavior\BuildLiteBehavior [ RunTime:0.000011s ]
INFO: [ app_init ] --END-- [ RunTime:0.000074s ]

[ 2017-05-10T17:32:40+08:00 ] 123.120.252.103 /index.php/Back/Order/list.html
INFO: [ app_init ] --START--
INFO: Run Behavior\BuildLiteBehavior [ RunTime:0.000012s ]
INFO: [ app_init ] --END-- [ RunTime:0.000095s ]

[ 2017-05-10T17:32:40+08:00 ] 123.120.252.103 /index.php/Back/Order/list.html
INFO: [ app_init ] --START--
INFO: Run Behavior\BuildLiteBehavior [ RunTime:0.000012s ]
INFO: [ app_init ] --END-- [ RunTime:0.000073s ]

[ 2017-05-10T17:32:41+08:00 ] 123.120.252.103 /index.php/Back/Order/list.html
INFO: [ app_init ] --START--
INFO: Run Behavior\BuildLiteBehavior [ RunTime:0.000011s ]
INFO: [ app_init ] --END-- [ RunTime:0.000088s ]

[ 2017-05-10T17:35:44+08:00 ] 123.120.252.103 /index.php/Back/Order/list.html
INFO: [ app_init ] --START--
INFO: Run Behavior\BuildLiteBehavior [ RunTime:0.000013s ]
INFO: [ app_init ] --END-- [ RunTime:0.000092s ]

[ 2017-05-10T17:35:46+08:00 ] 123.120.252.103 /index.php/Back/Order/list.html
INFO: [ app_init ] --START--
INFO: Run Behavior\BuildLiteBehavior [ RunTime:0.000015s ]
INFO: [ app_init ] --END-- [ RunTime:0.000097s ]

[ 2017-05-10T17:36:34+08:00 ] 123.120.252.103 /index.php/Back/Order/list.html
INFO: [ app_init ] --START--
INFO: Run Behavior\BuildLiteBehavior [ RunTime:0.000012s ]
INFO: [ app_init ] --END-- [ RunTime:0.000103s ]

[ 2017-05-10T17:36:35+08:00 ] 123.120.252.103 /index.php/Back/Order/list.html
INFO: [ app_init ] --START--
INFO: Run Behavior\BuildLiteBehavior [ RunTime:0.000012s ]
INFO: [ app_init ] --END-- [ RunTime:0.000073s ]

[ 2017-05-10T17:36:51+08:00 ] 123.120.252.103 /index.php/Back/Order/list.html
INFO: [ app_init ] --START--
INFO: Run Behavior\BuildLiteBehavior [ RunTime:0.000011s ]
INFO: [ app_init ] --END-- [ RunTime:0.000072s ]

[ 2017-05-10T17:37:16+08:00 ] 123.120.252.103 /index.php/Back/Order/list.html
INFO: [ app_init ] --START--
INFO: Run Behavior\BuildLiteBehavior [ RunTime:0.000012s ]
INFO: [ app_init ] --END-- [ RunTime:0.000072s ]

[ 2017-05-10T17:37:17+08:00 ] 123.120.252.103 /index.php/Back/Order/list.html
INFO: [ app_init ] --START--
INFO: Run Behavior\BuildLiteBehavior [ RunTime:0.000011s ]
INFO: [ app_init ] --END-- [ RunTime:0.000076s ]

[ 2017-05-10T17:37:29+08:00 ] 123.120.252.103 /index.php/Back/Order/list.html
INFO: [ app_init ] --START--
INFO: Run Behavior\BuildLiteBehavior [ RunTime:0.000031s ]
INFO: [ app_init ] --END-- [ RunTime:0.000097s ]

[ 2017-05-10T17:37:30+08:00 ] 123.120.252.103 /index.php/Back/Order/list.html
INFO: [ app_init ] --START--
INFO: Run Behavior\BuildLiteBehavior [ RunTime:0.000013s ]
INFO: [ app_init ] --END-- [ RunTime:0.000091s ]

[ 2017-05-10T17:37:31+08:00 ] 123.120.252.103 /index.php/Back/Order/list.html
INFO: [ app_init ] --START--
INFO: Run Behavior\BuildLiteBehavior [ RunTime:0.000016s ]
INFO: [ app_init ] --END-- [ RunTime:0.000095s ]

[ 2017-05-10T17:37:31+08:00 ] 123.120.252.103 /index.php/Back/Order/list.html
INFO: [ app_init ] --START--
INFO: Run Behavior\BuildLiteBehavior [ RunTime:0.000012s ]
INFO: [ app_init ] --END-- [ RunTime:0.000085s ]

[ 2017-05-10T17:37:32+08:00 ] 123.120.252.103 /index.php/Back/Order/list.html
INFO: [ app_init ] --START--
INFO: Run Behavior\BuildLiteBehavior [ RunTime:0.000012s ]
INFO: [ app_init ] --END-- [ RunTime:0.000094s ]

[ 2017-05-10T17:38:14+08:00 ] 123.120.252.103 /index.php/Back/Order/list.html
INFO: [ app_init ] --START--
INFO: Run Behavior\BuildLiteBehavior [ RunTime:0.000012s ]
INFO: [ app_init ] --END-- [ RunTime:0.000081s ]

[ 2017-05-10T17:41:29+08:00 ] 123.120.252.103 /index.php/Back/Order/list.html
INFO: [ app_init ] --START--
INFO: Run Behavior\BuildLiteBehavior [ RunTime:0.000016s ]
INFO: [ app_init ] --END-- [ RunTime:0.000099s ]

[ 2017-05-10T17:43:55+08:00 ] 123.120.252.103 /index.php/Back/Order/list.html
INFO: [ app_init ] --START--
INFO: Run Behavior\BuildLiteBehavior [ RunTime:0.000012s ]
INFO: [ app_init ] --END-- [ RunTime:0.000076s ]

[ 2017-05-10T17:44:21+08:00 ] 123.120.252.103 /index.php/Back/Order/list.html
INFO: [ app_init ] --START--
INFO: Run Behavior\BuildLiteBehavior [ RunTime:0.000017s ]
INFO: [ app_init ] --END-- [ RunTime:0.000123s ]

[ 2017-05-10T17:46:22+08:00 ] 123.120.252.103 /index.php/Back/Order/list.html
INFO: [ app_init ] --START--
INFO: Run Behavior\BuildLiteBehavior [ RunTime:0.000012s ]
INFO: [ app_init ] --END-- [ RunTime:0.000079s ]

[ 2017-05-10T17:46:23+08:00 ] 123.120.252.103 /index.php/Back/Order/list.html
INFO: [ app_init ] --START--
INFO: Run Behavior\BuildLiteBehavior [ RunTime:0.000013s ]
INFO: [ app_init ] --END-- [ RunTime:0.000097s ]

[ 2017-05-10T17:48:09+08:00 ] 123.120.252.103 /index.php/Back/Order/list.html
INFO: [ app_init ] --START--
INFO: Run Behavior\BuildLiteBehavior [ RunTime:0.000012s ]
INFO: [ app_init ] --END-- [ RunTime:0.000073s ]

[ 2017-05-10T17:50:03+08:00 ] 123.120.252.103 /index.php/Back/Order/list.html
INFO: [ app_init ] --START--
INFO: Run Behavior\BuildLiteBehavior [ RunTime:0.000017s ]
INFO: [ app_init ] --END-- [ RunTime:0.000110s ]

[ 2017-05-10T17:50:19+08:00 ] 123.120.252.103 /index.php/Back/Order/list.html
INFO: [ app_init ] --START--
INFO: Run Behavior\BuildLiteBehavior [ RunTime:0.000017s ]
INFO: [ app_init ] --END-- [ RunTime:0.000124s ]

[ 2017-05-10T17:50:31+08:00 ] 123.120.252.103 /index.php/Back/Order/list.html
INFO: [ app_init ] --START--
INFO: Run Behavior\BuildLiteBehavior [ RunTime:0.000012s ]
INFO: [ app_init ] --END-- [ RunTime:0.000077s ]

[ 2017-05-10T17:50:54+08:00 ] 123.120.252.103 /index.php/Back/Order/list.html
INFO: [ app_init ] --START--
INFO: Run Behavior\BuildLiteBehavior [ RunTime:0.000012s ]
INFO: [ app_init ] --END-- [ RunTime:0.000074s ]

[ 2017-05-10T17:51:03+08:00 ] 123.120.252.103 /index.php/Back/Order/list.html
INFO: [ app_init ] --START--
INFO: Run Behavior\BuildLiteBehavior [ RunTime:0.000011s ]
INFO: [ app_init ] --END-- [ RunTime:0.000074s ]

[ 2017-05-10T17:51:04+08:00 ] 123.120.252.103 /index.php/Back/Order/list.html
INFO: [ app_init ] --START--
INFO: Run Behavior\BuildLiteBehavior [ RunTime:0.000012s ]
INFO: [ app_init ] --END-- [ RunTime:0.000085s ]

[ 2017-05-10T17:51:04+08:00 ] 123.120.252.103 /index.php/Back/Order/list.html
INFO: [ app_init ] --START--
INFO: Run Behavior\BuildLiteBehavior [ RunTime:0.000012s ]
INFO: [ app_init ] --END-- [ RunTime:0.000076s ]

[ 2017-05-10T17:51:05+08:00 ] 123.120.252.103 /index.php/Back/Order/list.html
INFO: [ app_init ] --START--
INFO: Run Behavior\BuildLiteBehavior [ RunTime:0.000016s ]
INFO: [ app_init ] --END-- [ RunTime:0.000101s ]

[ 2017-05-10T17:51:05+08:00 ] 123.120.252.103 /index.php/Back/Order/list.html
INFO: [ app_init ] --START--
INFO: Run Behavior\BuildLiteBehavior [ RunTime:0.000011s ]
INFO: [ app_init ] --END-- [ RunTime:0.000070s ]

[ 2017-05-10T17:51:06+08:00 ] 123.120.252.103 /index.php/Back/Order/list.html
INFO: [ app_init ] --START--
INFO: Run Behavior\BuildLiteBehavior [ RunTime:0.000012s ]
INFO: [ app_init ] --END-- [ RunTime:0.000078s ]

[ 2017-05-10T17:51:06+08:00 ] 123.120.252.103 /index.php/Back/Order/list.html
INFO: [ app_init ] --START--
INFO: Run Behavior\BuildLiteBehavior [ RunTime:0.000019s ]
INFO: [ app_init ] --END-- [ RunTime:0.000100s ]

[ 2017-05-10T17:51:06+08:00 ] 123.120.252.103 /index.php/Back/Order/list.html
INFO: [ app_init ] --START--
INFO: Run Behavior\BuildLiteBehavior [ RunTime:0.000013s ]
INFO: [ app_init ] --END-- [ RunTime:0.000088s ]

[ 2017-05-10T17:51:06+08:00 ] 123.120.252.103 /index.php/Back/Order/list.html
INFO: [ app_init ] --START--
INFO: Run Behavior\BuildLiteBehavior [ RunTime:0.000014s ]
INFO: [ app_init ] --END-- [ RunTime:0.000097s ]

[ 2017-05-10T17:51:06+08:00 ] 123.120.252.103 /index.php/Back/Order/list.html
INFO: [ app_init ] --START--
INFO: Run Behavior\BuildLiteBehavior [ RunTime:0.000012s ]
INFO: [ app_init ] --END-- [ RunTime:0.000081s ]

[ 2017-05-10T17:51:06+08:00 ] 123.120.252.103 /index.php/Back/Order/list.html
INFO: [ app_init ] --START--
INFO: Run Behavior\BuildLiteBehavior [ RunTime:0.000013s ]
INFO: [ app_init ] --END-- [ RunTime:0.000077s ]

[ 2017-05-10T17:51:06+08:00 ] 123.120.252.103 /index.php/Back/Order/list.html
INFO: [ app_init ] --START--
INFO: Run Behavior\BuildLiteBehavior [ RunTime:0.000010s ]
INFO: [ app_init ] --END-- [ RunTime:0.000057s ]

[ 2017-05-10T17:51:07+08:00 ] 123.120.252.103 /index.php/Back/Order/list.html
INFO: [ app_init ] --START--
INFO: Run Behavior\BuildLiteBehavior [ RunTime:0.000010s ]
INFO: [ app_init ] --END-- [ RunTime:0.000074s ]

[ 2017-05-10T17:51:07+08:00 ] 123.120.252.103 /index.php/Back/Order/list.html
INFO: [ app_init ] --START--
INFO: Run Behavior\BuildLiteBehavior [ RunTime:0.000017s ]
INFO: [ app_init ] --END-- [ RunTime:0.000114s ]

[ 2017-05-10T17:51:07+08:00 ] 123.120.252.103 /index.php/Back/Order/list.html
INFO: [ app_init ] --START--
INFO: Run Behavior\BuildLiteBehavior [ RunTime:0.000012s ]
INFO: [ app_init ] --END-- [ RunTime:0.000076s ]

[ 2017-05-10T17:51:07+08:00 ] 123.120.252.103 /index.php/Back/Order/list.html
INFO: [ app_init ] --START--
INFO: Run Behavior\BuildLiteBehavior [ RunTime:0.000012s ]
INFO: [ app_init ] --END-- [ RunTime:0.000074s ]

[ 2017-05-10T17:51:07+08:00 ] 123.120.252.103 /index.php/Back/Order/list.html
INFO: [ app_init ] --START--
INFO: Run Behavior\BuildLiteBehavior [ RunTime:0.000012s ]
INFO: [ app_init ] --END-- [ RunTime:0.000078s ]

[ 2017-05-10T17:51:13+08:00 ] 123.120.252.103 /index.php/Back/Order/list.html
INFO: [ app_init ] --START--
INFO: Run Behavior\BuildLiteBehavior [ RunTime:0.000012s ]
INFO: [ app_init ] --END-- [ RunTime:0.000074s ]

[ 2017-05-10T17:51:14+08:00 ] 123.120.252.103 /index.php/Back/Order/list.html
INFO: [ app_init ] --START--
INFO: Run Behavior\BuildLiteBehavior [ RunTime:0.000011s ]
INFO: [ app_init ] --END-- [ RunTime:0.000077s ]

[ 2017-05-10T17:51:14+08:00 ] 123.120.252.103 /index.php/Back/Order/list.html
INFO: [ app_init ] --START--
INFO: Run Behavior\BuildLiteBehavior [ RunTime:0.000011s ]
INFO: [ app_init ] --END-- [ RunTime:0.000070s ]

[ 2017-05-10T17:51:14+08:00 ] 123.120.252.103 /index.php/Back/Order/list.html
INFO: [ app_init ] --START--
INFO: Run Behavior\BuildLiteBehavior [ RunTime:0.000011s ]
INFO: [ app_init ] --END-- [ RunTime:0.000070s ]

[ 2017-05-10T17:51:14+08:00 ] 123.120.252.103 /index.php/Back/Order/list.html
INFO: [ app_init ] --START--
INFO: Run Behavior\BuildLiteBehavior [ RunTime:0.000011s ]
INFO: [ app_init ] --END-- [ RunTime:0.000072s ]

[ 2017-05-10T17:51:14+08:00 ] 123.120.252.103 /index.php/Back/Order/list.html
INFO: [ app_init ] --START--
INFO: Run Behavior\BuildLiteBehavior [ RunTime:0.000012s ]
INFO: [ app_init ] --END-- [ RunTime:0.000092s ]

[ 2017-05-10T17:51:52+08:00 ] 123.120.252.103 /index.php/Back/Order/list.html
INFO: [ app_init ] --START--
INFO: Run Behavior\BuildLiteBehavior [ RunTime:0.000012s ]
INFO: [ app_init ] --END-- [ RunTime:0.000073s ]

[ 2017-05-10T17:51:53+08:00 ] 123.120.252.103 /index.php/Back/Order/list.html
INFO: [ app_init ] --START--
INFO: Run Behavior\BuildLiteBehavior [ RunTime:0.000017s ]
INFO: [ app_init ] --END-- [ RunTime:0.000118s ]

[ 2017-05-10T17:51:53+08:00 ] 123.120.252.103 /index.php/Back/Order/list.html
INFO: [ app_init ] --START--
INFO: Run Behavior\BuildLiteBehavior [ RunTime:0.000013s ]
INFO: [ app_init ] --END-- [ RunTime:0.000077s ]

[ 2017-05-10T17:51:53+08:00 ] 123.120.252.103 /index.php/Back/Order/list.html
INFO: [ app_init ] --START--
INFO: Run Behavior\BuildLiteBehavior [ RunTime:0.000012s ]
INFO: [ app_init ] --END-- [ RunTime:0.000079s ]

[ 2017-05-10T17:51:53+08:00 ] 123.120.252.103 /index.php/Back/Order/list.html
INFO: [ app_init ] --START--
INFO: Run Behavior\BuildLiteBehavior [ RunTime:0.000013s ]
INFO: [ app_init ] --END-- [ RunTime:0.000095s ]

[ 2017-05-10T17:51:54+08:00 ] 123.120.252.103 /index.php/Back/Order/list.html
INFO: [ app_init ] --START--
INFO: Run Behavior\BuildLiteBehavior [ RunTime:0.000011s ]
INFO: [ app_init ] --END-- [ RunTime:0.000077s ]

[ 2017-05-10T17:51:54+08:00 ] 123.120.252.103 /index.php/Back/Order/list.html
INFO: [ app_init ] --START--
INFO: Run Behavior\BuildLiteBehavior [ RunTime:0.000012s ]
INFO: [ app_init ] --END-- [ RunTime:0.000083s ]

[ 2017-05-10T17:51:54+08:00 ] 123.120.252.103 /index.php/Back/Order/list.html
INFO: [ app_init ] --START--
INFO: Run Behavior\BuildLiteBehavior [ RunTime:0.000012s ]
INFO: [ app_init ] --END-- [ RunTime:0.000074s ]

[ 2017-05-10T17:51:54+08:00 ] 123.120.252.103 /index.php/Back/Order/list.html
INFO: [ app_init ] --START--
INFO: Run Behavior\BuildLiteBehavior [ RunTime:0.000011s ]
INFO: [ app_init ] --END-- [ RunTime:0.000083s ]

[ 2017-05-10T17:51:55+08:00 ] 123.120.252.103 /index.php/Back/Order/list.html
INFO: [ app_init ] --START--
INFO: Run Behavior\BuildLiteBehavior [ RunTime:0.000011s ]
INFO: [ app_init ] --END-- [ RunTime:0.000074s ]

[ 2017-05-10T17:51:55+08:00 ] 123.120.252.103 /index.php/Back/Order/list.html
INFO: [ app_init ] --START--
INFO: Run Behavior\BuildLiteBehavior [ RunTime:0.000011s ]
INFO: [ app_init ] --END-- [ RunTime:0.000074s ]

[ 2017-05-10T17:51:55+08:00 ] 123.120.252.103 /index.php/Back/Order/list.html
INFO: [ app_init ] --START--
INFO: Run Behavior\BuildLiteBehavior [ RunTime:0.000011s ]
INFO: [ app_init ] --END-- [ RunTime:0.000074s ]

[ 2017-05-10T17:51:55+08:00 ] 123.120.252.103 /index.php/Back/Order/list.html
INFO: [ app_init ] --START--
INFO: Run Behavior\BuildLiteBehavior [ RunTime:0.000012s ]
INFO: [ app_init ] --END-- [ RunTime:0.000072s ]

[ 2017-05-10T17:51:55+08:00 ] 123.120.252.103 /index.php/Back/Order/list.html
INFO: [ app_init ] --START--
INFO: Run Behavior\BuildLiteBehavior [ RunTime:0.000012s ]
INFO: [ app_init ] --END-- [ RunTime:0.000073s ]

[ 2017-05-10T17:51:56+08:00 ] 123.120.252.103 /index.php/Back/Order/list.html
INFO: [ app_init ] --START--
INFO: Run Behavior\BuildLiteBehavior [ RunTime:0.000013s ]
INFO: [ app_init ] --END-- [ RunTime:0.000078s ]

[ 2017-05-10T17:51:56+08:00 ] 123.120.252.103 /index.php/Back/Order/list.html
INFO: [ app_init ] --START--
INFO: Run Behavior\BuildLiteBehavior [ RunTime:0.000013s ]
INFO: [ app_init ] --END-- [ RunTime:0.000081s ]

[ 2017-05-10T17:51:56+08:00 ] 123.120.252.103 /index.php/Back/Order/list.html
INFO: [ app_init ] --START--
INFO: Run Behavior\BuildLiteBehavior [ RunTime:0.000011s ]
INFO: [ app_init ] --END-- [ RunTime:0.000085s ]

[ 2017-05-10T17:53:01+08:00 ] 123.120.252.103 /index.php/Back/Order/list.html
INFO: [ app_init ] --START--
INFO: Run Behavior\BuildLiteBehavior [ RunTime:0.000011s ]
INFO: [ app_init ] --END-- [ RunTime:0.000071s ]

[ 2017-05-10T17:55:28+08:00 ] 123.120.252.103 /index.php/Back/Order/list.html
INFO: [ app_init ] --START--
INFO: Run Behavior\BuildLiteBehavior [ RunTime:0.000012s ]
INFO: [ app_init ] --END-- [ RunTime:0.000075s ]

[ 2017-05-10T17:58:15+08:00 ] 123.120.252.103 /index.php/Back/Order/list.html
INFO: [ app_init ] --START--
INFO: Run Behavior\BuildLiteBehavior [ RunTime:0.000010s ]
INFO: [ app_init ] --END-- [ RunTime:0.000060s ]

[ 2017-05-10T17:58:15+08:00 ] 123.120.252.103 /index.php/Back/Order/list.html
INFO: [ app_init ] --START--
INFO: Run Behavior\BuildLiteBehavior [ RunTime:0.000010s ]
INFO: [ app_init ] --END-- [ RunTime:0.000070s ]

[ 2017-05-10T17:58:39+08:00 ] 123.120.252.103 /index.php/Back/Order/list/order_statu_id/2.html
INFO: [ app_init ] --START--
INFO: Run Behavior\BuildLiteBehavior [ RunTime:0.000011s ]
INFO: [ app_init ] --END-- [ RunTime:0.000093s ]

[ 2017-05-10T17:58:48+08:00 ] 180.163.1.46 /index.php/Back/Order/list/order_statu_id/2.html
INFO: [ app_init ] --START--
INFO: Run Behavior\BuildLiteBehavior [ RunTime:0.000011s ]
INFO: [ app_init ] --END-- [ RunTime:0.000072s ]

[ 2017-05-10T17:58:49+08:00 ] 180.163.1.46 /index.php/Back/Admin/login.html
INFO: [ app_init ] --START--
INFO: Run Behavior\BuildLiteBehavior [ RunTime:0.000011s ]
INFO: [ app_init ] --END-- [ RunTime:0.000071s ]

[ 2017-05-10T18:36:36+08:00 ] 123.120.252.103 /Back/Buy/morder
INFO: [ app_init ] --START--
INFO: Run Behavior\BuildLiteBehavior [ RunTime:0.000012s ]
INFO: [ app_init ] --END-- [ RunTime:0.000078s ]
ERR: 无法加载控制器:Buy

[ 2017-05-10T18:36:46+08:00 ] 101.226.68.200 /Back/Buy/morder
INFO: [ app_init ] --START--
INFO: Run Behavior\BuildLiteBehavior [ RunTime:0.000012s ]
INFO: [ app_init ] --END-- [ RunTime:0.000071s ]
ERR: 无法加载控制器:Buy

[ 2017-05-10T18:37:13+08:00 ] 123.120.252.103 /Back/User/morder
INFO: [ app_init ] --START--
INFO: Run Behavior\BuildLiteBehavior [ RunTime:0.000019s ]
INFO: [ app_init ] --END-- [ RunTime:0.000125s ]
ERR: 无法加载控制器:User

[ 2017-05-10T18:37:18+08:00 ] 123.120.252.103 /Back/
INFO: [ app_init ] --START--
INFO: Run Behavior\BuildLiteBehavior [ RunTime:0.000012s ]
INFO: [ app_init ] --END-- [ RunTime:0.000075s ]
ERR: 无法加载控制器:Index

[ 2017-05-10T18:37:23+08:00 ] 101.226.51.226 /Back/User/morder
INFO: [ app_init ] --START--
INFO: Run Behavior\BuildLiteBehavior [ RunTime:0.000013s ]
INFO: [ app_init ] --END-- [ RunTime:0.000077s ]
ERR: 无法加载控制器:User

[ 2017-05-10T18:37:28+08:00 ] 101.226.89.119 /Back
INFO: [ app_init ] --START--
INFO: Run Behavior\BuildLiteBehavior [ RunTime:0.000011s ]
INFO: [ app_init ] --END-- [ RunTime:0.000084s ]
ERR: 无法加载控制器:Index

[ 2017-05-10T19:14:57+08:00 ] 123.120.252.103 /Back/Admin/login
INFO: [ app_init ] --START--
INFO: Run Behavior\BuildLiteBehavior [ RunTime:0.000019s ]
INFO: [ app_init ] --END-- [ RunTime:0.000143s ]

[ 2017-05-10T19:15:02+08:00 ] 123.120.252.103 /Back/Admin/login
INFO: [ app_init ] --START--
INFO: Run Behavior\BuildLiteBehavior [ RunTime:0.000012s ]
INFO: [ app_init ] --END-- [ RunTime:0.000084s ]

[ 2017-05-10T19:15:06+08:00 ] 101.226.125.100 /Back/Admin/login
INFO: [ app_init ] --START--
INFO: Run Behavior\BuildLiteBehavior [ RunTime:0.000017s ]
INFO: [ app_init ] --END-- [ RunTime:0.000129s ]

[ 2017-05-10T19:15:06+08:00 ] 61.151.226.202 /Back/Admin/login
INFO: [ app_init ] --START--
INFO: Run Behavior\BuildLiteBehavior [ RunTime:0.000009s ]
INFO: [ app_init ] --END-- [ RunTime:0.000056s ]

[ 2017-05-10T19:15:07+08:00 ] 101.226.125.103 /Back/Admin/login
INFO: [ app_init ] --START--
INFO: Run Behavior\BuildLiteBehavior [ RunTime:0.000015s ]
INFO: [ app_init ] --END-- [ RunTime:0.000091s ]

[ 2017-05-10T19:15:12+08:00 ] 123.120.252.103 /Back/Admin/login
INFO: [ app_init ] --START--
INFO: Run Behavior\BuildLiteBehavior [ RunTime:0.000012s ]
INFO: [ app_init ] --END-- [ RunTime:0.000075s ]

[ 2017-05-10T19:15:12+08:00 ] 101.226.89.115 /Back/Admin/login
INFO: [ app_init ] --START--
INFO: Run Behavior\BuildLiteBehavior [ RunTime:0.000013s ]
INFO: [ app_init ] --END-- [ RunTime:0.000087s ]

[ 2017-05-10T19:15:25+08:00 ] 123.120.252.103 /Back/Admin/login
INFO: [ app_init ] --START--
INFO: Run Behavior\BuildLiteBehavior [ RunTime:0.000012s ]
INFO: [ app_init ] --END-- [ RunTime:0.000083s ]

[ 2017-05-10T19:15:35+08:00 ] 123.120.252.103 /index.php/Back/Admin/login.html
INFO: [ app_init ] --START--
INFO: Run Behavior\BuildLiteBehavior [ RunTime:0.000017s ]
INFO: [ app_init ] --END-- [ RunTime:0.000107s ]

[ 2017-05-10T19:15:35+08:00 ] 123.120.252.103 /index.php/Back/Admin/list
INFO: [ app_init ] --START--
INFO: Run Behavior\BuildLiteBehavior [ RunTime:0.000013s ]
INFO: [ app_init ] --END-- [ RunTime:0.000091s ]

[ 2017-05-10T19:15:42+08:00 ] 123.120.252.103 /index.php/Back/Goods/list.html
INFO: [ app_init ] --START--
INFO: Run Behavior\BuildLiteBehavior [ RunTime:0.000012s ]
INFO: [ app_init ] --END-- [ RunTime:0.000072s ]

[ 2017-05-10T19:22:54+08:00 ] 123.120.252.103 /Back/Admin/login
INFO: [ app_init ] --START--
INFO: Run Behavior\BuildLiteBehavior [ RunTime:0.000011s ]
INFO: [ app_init ] --END-- [ RunTime:0.000074s ]

[ 2017-05-10T19:23:02+08:00 ] 123.120.252.103 /index.php/Back/Admin/login.html
INFO: [ app_init ] --START--
INFO: Run Behavior\BuildLiteBehavior [ RunTime:0.000012s ]
INFO: [ app_init ] --END-- [ RunTime:0.000078s ]

[ 2017-05-10T19:23:02+08:00 ] 123.120.252.103 /index.php/Back/Admin/list
INFO: [ app_init ] --START--
INFO: Run Behavior\BuildLiteBehavior [ RunTime:0.000010s ]
INFO: [ app_init ] --END-- [ RunTime:0.000068s ]

[ 2017-05-10T19:23:05+08:00 ] 123.120.252.103 /index.php/Back/Goods/list.html
INFO: [ app_init ] --START--
INFO: Run Behavior\BuildLiteBehavior [ RunTime:0.000012s ]
INFO: [ app_init ] --END-- [ RunTime:0.000090s ]

[ 2017-05-10T19:23:07+08:00 ] 123.120.252.103 /index.php/Back/Goods/set/goods_id/1.html
INFO: [ app_init ] --START--
INFO: Run Behavior\BuildLiteBehavior [ RunTime:0.000011s ]
INFO: [ app_init ] --END-- [ RunTime:0.000073s ]

[ 2017-05-10T19:23:14+08:00 ] 123.120.252.103 /index.php/Back/Series/list.html
INFO: [ app_init ] --START--
INFO: Run Behavior\BuildLiteBehavior [ RunTime:0.000011s ]
INFO: [ app_init ] --END-- [ RunTime:0.000072s ]

[ 2017-05-10T19:23:18+08:00 ] 123.120.252.103 /index.php/Back/Series/set/series_id/1.html
INFO: [ app_init ] --START--
INFO: Run Behavior\BuildLiteBehavior [ RunTime:0.000023s ]
INFO: [ app_init ] --END-- [ RunTime:0.000087s ]

[ 2017-05-10T19:23:23+08:00 ] 123.120.252.103 /index.php/Back/Series/list.html
INFO: [ app_init ] --START--
INFO: Run Behavior\BuildLiteBehavior [ RunTime:0.000014s ]
INFO: [ app_init ] --END-- [ RunTime:0.000103s ]

[ 2017-05-10T19:23:29+08:00 ] 123.120.252.103 /index.php/Back/Order/list.html
INFO: [ app_init ] --START--
INFO: Run Behavior\BuildLiteBehavior [ RunTime:0.000011s ]
INFO: [ app_init ] --END-- [ RunTime:0.000091s ]

[ 2017-05-10T19:23:36+08:00 ] 123.120.252.103 /index.php/Back/Order/list/p/2.html
INFO: [ app_init ] --START--
INFO: Run Behavior\BuildLiteBehavior [ RunTime:0.000012s ]
INFO: [ app_init ] --END-- [ RunTime:0.000076s ]

[ 2017-05-10T19:23:38+08:00 ] 123.120.252.103 /index.php/Back/Order/list/p/6.html
INFO: [ app_init ] --START--
INFO: Run Behavior\BuildLiteBehavior [ RunTime:0.000025s ]
INFO: [ app_init ] --END-- [ RunTime:0.000104s ]

[ 2017-05-10T19:23:47+08:00 ] 123.120.252.103 /index.php/Back/Type/set.html
INFO: [ app_init ] --START--
INFO: Run Behavior\BuildLiteBehavior [ RunTime:0.000013s ]
INFO: [ app_init ] --END-- [ RunTime:0.000093s ]

[ 2017-05-10T19:23:51+08:00 ] 123.120.252.103 /index.php/Back/Type/list.html
INFO: [ app_init ] --START--
INFO: Run Behavior\BuildLiteBehavior [ RunTime:0.000012s ]
INFO: [ app_init ] --END-- [ RunTime:0.000072s ]

[ 2017-05-10T19:23:57+08:00 ] 123.120.252.103 /index.php/Back/Admin/set.html
INFO: [ app_init ] --START--
INFO: Run Behavior\BuildLiteBehavior [ RunTime:0.000012s ]
INFO: [ app_init ] --END-- [ RunTime:0.000074s ]

[ 2017-05-10T19:23:59+08:00 ] 123.120.252.103 /index.php/Back/Admin/list.html
INFO: [ app_init ] --START--
INFO: Run Behavior\BuildLiteBehavior [ RunTime:0.000012s ]
INFO: [ app_init ] --END-- [ RunTime:0.000084s ]

[ 2017-05-10T19:24:03+08:00 ] 123.120.252.103 /index.php/Back/Goods/list.html
INFO: [ app_init ] --START--
INFO: Run Behavior\BuildLiteBehavior [ RunTime:0.000012s ]
INFO: [ app_init ] --END-- [ RunTime:0.000079s ]

[ 2017-05-10T19:24:05+08:00 ] 123.120.252.103 /index.php/Back/Goods/list/p/2.html
INFO: [ app_init ] --START--
INFO: Run Behavior\BuildLiteBehavior [ RunTime:0.000012s ]
INFO: [ app_init ] --END-- [ RunTime:0.000075s ]

[ 2017-05-10T19:24:11+08:00 ] 123.120.252.103 /index.php/Back/Goods/set/goods_id/46.html
INFO: [ app_init ] --START--
INFO: Run Behavior\BuildLiteBehavior [ RunTime:0.000012s ]
INFO: [ app_init ] --END-- [ RunTime:0.000080s ]

[ 2017-05-10T19:24:18+08:00 ] 123.120.252.103 /index.php/Back/Goods/list.html
INFO: [ app_init ] --START--
INFO: Run Behavior\BuildLiteBehavior [ RunTime:0.000013s ]
INFO: [ app_init ] --END-- [ RunTime:0.000083s ]

[ 2017-05-10T19:24:24+08:00 ] 123.120.252.103 /index.php/Back/Goods/list/p/2.html
INFO: [ app_init ] --START--
INFO: Run Behavior\BuildLiteBehavior [ RunTime:0.000017s ]
INFO: [ app_init ] --END-- [ RunTime:0.000111s ]

[ 2017-05-10T19:24:26+08:00 ] 123.120.252.103 /index.php/Back/Goods/list/p/1.html
INFO: [ app_init ] --START--
INFO: Run Behavior\BuildLiteBehavior [ RunTime:0.000013s ]
INFO: [ app_init ] --END-- [ RunTime:0.000090s ]

[ 2017-05-10T19:24:30+08:00 ] 123.120.252.103 /index.php/Back/Goods/set/goods_id/45.html
INFO: [ app_init ] --START--
INFO: Run Behavior\BuildLiteBehavior [ RunTime:0.000025s ]
INFO: [ app_init ] --END-- [ RunTime:0.000088s ]

[ 2017-05-10T19:24:45+08:00 ] 123.120.252.103 /index.php/Back/Goods/set/goods_id/45.html
INFO: [ app_init ] --START--
INFO: Run Behavior\BuildLiteBehavior [ RunTime:0.000012s ]
INFO: [ app_init ] --END-- [ RunTime:0.000074s ]

[ 2017-05-10T20:24:19+08:00 ] 123.120.252.103 /index.php/Back/Goods/ajax.html?name=%E5%86%B0%E6%BF%80%E5%87%8C18k%E7%99%BD%E9%87%91%E9%92%BB%E7%9F%B3%E5%90%8A%E5%9D%A01&goods_id=45
INFO: [ app_init ] --START--
INFO: Run Behavior\BuildLiteBehavior [ RunTime:0.000011s ]
INFO: [ app_init ] --END-- [ RunTime:0.000079s ]
INFO: [ app_begin ] --START--
INFO: Run Behavior\ReadHtmlCacheBehavior [ RunTime:0.000038s ]
INFO: [ app_begin ] --END-- [ RunTime:0.000068s ]
SQL: SELECT * FROM `wb_goods` WHERE `name` = '冰激凌18k白金钻石吊坠1' AND `goods_id` <> '45' LIMIT 1   [ RunTime:0.0005s ]
INFO: [ app_end ] --START--
INFO: Run Behavior\ShowPageTraceBehavior [ RunTime:0.000053s ]
INFO: [ app_end ] --END-- [ RunTime:0.000083s ]

[ 2017-05-10T20:24:19+08:00 ] 123.120.252.103 /index.php/Back/Goods/set.html
INFO: [ app_init ] --START--
INFO: Run Behavior\BuildLiteBehavior [ RunTime:0.000012s ]
INFO: [ app_init ] --END-- [ RunTime:0.000071s ]

[ 2017-05-10T20:24:19+08:00 ] 123.120.252.103 /index.php/Back/Goods/list
INFO: [ app_init ] --START--
INFO: Run Behavior\BuildLiteBehavior [ RunTime:0.000012s ]
INFO: [ app_init ] --END-- [ RunTime:0.000095s ]

[ 2017-05-10T20:24:23+08:00 ] 123.120.252.103 /index.php/Back/Goods/list/p/2.html
INFO: [ app_init ] --START--
INFO: Run Behavior\BuildLiteBehavior [ RunTime:0.000012s ]
INFO: [ app_init ] --END-- [ RunTime:0.000077s ]

[ 2017-05-10T20:25:32+08:00 ] 123.120.252.103 /index.php/Back/Goods/set/goods_id/45.html
INFO: [ app_init ] --START--
INFO: Run Behavior\BuildLiteBehavior [ RunTime:0.000018s ]
INFO: [ app_init ] --END-- [ RunTime:0.000114s ]

[ 2017-05-10T20:25:45+08:00 ] 123.120.252.103 /index.php/Back/Manage/index.html
INFO: [ app_init ] --START--
INFO: Run Behavior\BuildLiteBehavior [ RunTime:0.000012s ]
INFO: [ app_init ] --END-- [ RunTime:0.000074s ]
ERR: 无法加载控制器:Manage

[ 2017-05-10T20:25:48+08:00 ] 123.120.252.103 /index.php/Back/Goods/list.html
INFO: [ app_init ] --START--
INFO: Run Behavior\BuildLiteBehavior [ RunTime:0.000013s ]
INFO: [ app_init ] --END-- [ RunTime:0.000078s ]

[ 2017-05-10T20:25:52+08:00 ] 123.120.252.103 /index.php/Back/Goods/set/goods_id/47.html
INFO: [ app_init ] --START--
INFO: Run Behavior\BuildLiteBehavior [ RunTime:0.000012s ]
INFO: [ app_init ] --END-- [ RunTime:0.000077s ]

[ 2017-05-10T20:26:03+08:00 ] 123.120.252.103 /index.php/Back/Goods/list.html
INFO: [ app_init ] --START--
INFO: Run Behavior\BuildLiteBehavior [ RunTime:0.000012s ]
INFO: [ app_init ] --END-- [ RunTime:0.000074s ]

[ 2017-05-10T20:26:07+08:00 ] 123.120.252.103 /index.php/Back/Goods/set/goods_id/1.html
INFO: [ app_init ] --START--
INFO: Run Behavior\BuildLiteBehavior [ RunTime:0.000011s ]
INFO: [ app_init ] --END-- [ RunTime:0.000071s ]

[ 2017-05-10T20:26:20+08:00 ] 123.120.252.103 /index.php/Back/Goods/set.html
INFO: [ app_init ] --START--
INFO: Run Behavior\BuildLiteBehavior [ RunTime:0.000012s ]
INFO: [ app_init ] --END-- [ RunTime:0.000074s ]

