[ 2017-05-17T09:34:10+08:00 ] 123.112.232.13 /Back/Goods/list
INFO: [ app_init ] --START--
INFO: Run Behavior\BuildLiteBehavior [ RunTime:0.000011s ]
INFO: [ app_init ] --END-- [ RunTime:0.000078s ]

[ 2017-05-17T09:34:10+08:00 ] 123.112.232.13 /index.php/Back/Admin/login.html
INFO: [ app_init ] --START--
INFO: Run Behavior\BuildLiteBehavior [ RunTime:0.000011s ]
INFO: [ app_init ] --END-- [ RunTime:0.000076s ]

[ 2017-05-17T09:34:13+08:00 ] 123.112.232.13 /index.php/Back/Admin/login.html
INFO: [ app_init ] --START--
INFO: Run Behavior\BuildLiteBehavior [ RunTime:0.000012s ]
INFO: [ app_init ] --END-- [ RunTime:0.000078s ]

[ 2017-05-17T09:34:13+08:00 ] 123.112.232.13 /index.php/Back/Admin/list
INFO: [ app_init ] --START--
INFO: Run Behavior\BuildLiteBehavior [ RunTime:0.000012s ]
INFO: [ app_init ] --END-- [ RunTime:0.000070s ]

[ 2017-05-17T09:34:16+08:00 ] 123.112.232.13 /index.php/Back/Order/list.html
INFO: [ app_init ] --START--
INFO: Run Behavior\BuildLiteBehavior [ RunTime:0.000017s ]
INFO: [ app_init ] --END-- [ RunTime:0.000115s ]

[ 2017-05-17T09:34:18+08:00 ] 123.112.232.13 /index.php/Back/Order/list/order_statu_id/1.html
INFO: [ app_init ] --START--
INFO: Run Behavior\BuildLiteBehavior [ RunTime:0.000011s ]
INFO: [ app_init ] --END-- [ RunTime:0.000072s ]

[ 2017-05-17T09:34:19+08:00 ] 123.112.232.13 /index.php/Back/Order/list/order_statu_id/2.html
INFO: [ app_init ] --START--
INFO: Run Behavior\BuildLiteBehavior [ RunTime:0.000011s ]
INFO: [ app_init ] --END-- [ RunTime:0.000073s ]

[ 2017-05-17T09:34:19+08:00 ] 123.112.232.13 /index.php/Back/Order/list/order_statu_id/3.html
INFO: [ app_init ] --START--
INFO: Run Behavior\BuildLiteBehavior [ RunTime:0.000014s ]
INFO: [ app_init ] --END-- [ RunTime:0.000092s ]

[ 2017-05-17T09:34:20+08:00 ] 101.226.99.197 /index.php/Back/Admin/login.html
INFO: [ app_init ] --START--
INFO: Run Behavior\BuildLiteBehavior [ RunTime:0.000013s ]
INFO: [ app_init ] --END-- [ RunTime:0.000080s ]

[ 2017-05-17T09:34:22+08:00 ] 101.226.33.221 /index.php/Back/Admin/list
INFO: [ app_init ] --START--
INFO: Run Behavior\BuildLiteBehavior [ RunTime:0.000012s ]
INFO: [ app_init ] --END-- [ RunTime:0.000087s ]

[ 2017-05-17T09:34:22+08:00 ] 101.226.66.177 /index.php/Back/Admin/list
INFO: [ app_init ] --START--
INFO: Run Behavior\BuildLiteBehavior [ RunTime:0.000009s ]
INFO: [ app_init ] --END-- [ RunTime:0.000061s ]

[ 2017-05-17T09:34:22+08:00 ] 101.226.66.177 /index.php/Back/Admin/login.html
INFO: [ app_init ] --START--
INFO: Run Behavior\BuildLiteBehavior [ RunTime:0.000015s ]
INFO: [ app_init ] --END-- [ RunTime:0.000126s ]

[ 2017-05-17T09:34:22+08:00 ] 101.226.33.221 /index.php/Back/Admin/login.html
INFO: [ app_init ] --START--
INFO: Run Behavior\BuildLiteBehavior [ RunTime:0.000010s ]
INFO: [ app_init ] --END-- [ RunTime:0.000061s ]

[ 2017-05-17T09:34:22+08:00 ] 180.153.205.252 /index.php/Back/Admin/list
INFO: [ app_init ] --START--
INFO: Run Behavior\BuildLiteBehavior [ RunTime:0.000009s ]
INFO: [ app_init ] --END-- [ RunTime:0.000056s ]

[ 2017-05-17T09:34:23+08:00 ] 180.153.205.252 /index.php/Back/Admin/login.html
INFO: [ app_init ] --START--
INFO: Run Behavior\BuildLiteBehavior [ RunTime:0.000011s ]
INFO: [ app_init ] --END-- [ RunTime:0.000102s ]

[ 2017-05-17T09:34:28+08:00 ] 180.153.212.13 /index.php/Back/Order/list/order_statu_id/1.html
INFO: [ app_init ] --START--
INFO: Run Behavior\BuildLiteBehavior [ RunTime:0.000011s ]
INFO: [ app_init ] --END-- [ RunTime:0.000078s ]

[ 2017-05-17T09:34:28+08:00 ] 180.153.212.13 /index.php/Back/Admin/login.html
INFO: [ app_init ] --START--
INFO: Run Behavior\BuildLiteBehavior [ RunTime:0.000012s ]
INFO: [ app_init ] --END-- [ RunTime:0.000077s ]

[ 2017-05-17T09:34:35+08:00 ] 123.112.232.13 /index.php/Back/Order/list/order_statu_id/2.html
INFO: [ app_init ] --START--
INFO: Run Behavior\BuildLiteBehavior [ RunTime:0.000012s ]
INFO: [ app_init ] --END-- [ RunTime:0.000092s ]

[ 2017-05-17T09:34:36+08:00 ] 123.112.232.13 /index.php/Back/Order/list/order_statu_id/4.html
INFO: [ app_init ] --START--
INFO: Run Behavior\BuildLiteBehavior [ RunTime:0.000012s ]
INFO: [ app_init ] --END-- [ RunTime:0.000074s ]

[ 2017-05-17T09:34:37+08:00 ] 123.112.232.13 /index.php/Back/Order/list.html
INFO: [ app_init ] --START--
INFO: Run Behavior\BuildLiteBehavior [ RunTime:0.000012s ]
INFO: [ app_init ] --END-- [ RunTime:0.000086s ]

[ 2017-05-17T09:39:39+08:00 ] 101.226.85.67 /index.php/Back/Order/list.html
INFO: [ app_init ] --START--
INFO: Run Behavior\BuildLiteBehavior [ RunTime:0.000011s ]
INFO: [ app_init ] --END-- [ RunTime:0.000077s ]

[ 2017-05-17T09:39:42+08:00 ] 101.226.85.67 /index.php/Back/Admin/login.html
INFO: [ app_init ] --START--
INFO: Run Behavior\BuildLiteBehavior [ RunTime:0.000011s ]
INFO: [ app_init ] --END-- [ RunTime:0.000073s ]

[ 2017-05-17T09:40:15+08:00 ] 101.226.33.237 /index.php/Back/Admin/list
INFO: [ app_init ] --START--
INFO: Run Behavior\BuildLiteBehavior [ RunTime:0.000012s ]
INFO: [ app_init ] --END-- [ RunTime:0.000092s ]

[ 2017-05-17T09:40:19+08:00 ] 101.226.33.237 /index.php/Back/Admin/login.html
INFO: [ app_init ] --START--
INFO: Run Behavior\BuildLiteBehavior [ RunTime:0.000011s ]
INFO: [ app_init ] --END-- [ RunTime:0.000085s ]

[ 2017-05-17T09:40:24+08:00 ] 101.226.33.224 /index.php/Back/Order/list/order_statu_id/3.html
INFO: [ app_init ] --START--
INFO: Run Behavior\BuildLiteBehavior [ RunTime:0.000012s ]
INFO: [ app_init ] --END-- [ RunTime:0.000085s ]

[ 2017-05-17T09:40:28+08:00 ] 180.153.163.190 /index.php/Back/Order/list/order_statu_id/2.html
INFO: [ app_init ] --START--
INFO: Run Behavior\BuildLiteBehavior [ RunTime:0.000011s ]
INFO: [ app_init ] --END-- [ RunTime:0.000071s ]

[ 2017-05-17T09:40:28+08:00 ] 101.226.33.224 /index.php/Back/Admin/login.html
INFO: [ app_init ] --START--
INFO: Run Behavior\BuildLiteBehavior [ RunTime:0.000011s ]
INFO: [ app_init ] --END-- [ RunTime:0.000074s ]

[ 2017-05-17T09:40:32+08:00 ] 180.153.163.190 /index.php/Back/Admin/login.html
INFO: [ app_init ] --START--
INFO: Run Behavior\BuildLiteBehavior [ RunTime:0.000011s ]
INFO: [ app_init ] --END-- [ RunTime:0.000074s ]

[ 2017-05-17T09:41:03+08:00 ] 101.226.33.206 /Back/Goods/list
INFO: [ app_init ] --START--
INFO: Run Behavior\BuildLiteBehavior [ RunTime:0.000016s ]
INFO: [ app_init ] --END-- [ RunTime:0.000113s ]

[ 2017-05-17T09:41:06+08:00 ] 101.226.33.206 /index.php/Back/Admin/login.html
INFO: [ app_init ] --START--
INFO: Run Behavior\BuildLiteBehavior [ RunTime:0.000012s ]
INFO: [ app_init ] --END-- [ RunTime:0.000080s ]

[ 2017-05-17T16:11:20+08:00 ] 127.0.0.1 /laosan/index.php/Back/Goods/list
INFO: [ app_init ] --START--
INFO: Run Behavior\BuildLiteBehavior [ RunTime:0.000015s ]
INFO: [ app_init ] --END-- [ RunTime:0.000548s ]
ERR: Think\Controller:checkLogin方法不存在！

[ 2017-05-17T17:29:49+08:00 ] 127.0.0.1 /laosan/index.php/Back/Goods/list
INFO: [ app_init ] --START--
INFO: Run Behavior\BuildLiteBehavior [ RunTime:0.000016s ]
INFO: [ app_init ] --END-- [ RunTime:0.000727s ]
ERR: Think\Controller:checkLogin方法不存在！

[ 2017-05-17T17:34:01+08:00 ] 127.0.0.1 /laosan/index.php/Back/Goods/list
INFO: [ app_init ] --START--
INFO: Run Behavior\BuildLiteBehavior [ RunTime:0.000021s ]
INFO: [ app_init ] --END-- [ RunTime:0.000955s ]
ERR: Think\Controller:checkLogin方法不存在！

[ 2017-05-17T17:34:05+08:00 ] 127.0.0.1 /laosan/index.php/Back/Goods/list
INFO: [ app_init ] --START--
INFO: Run Behavior\BuildLiteBehavior [ RunTime:0.000017s ]
INFO: [ app_init ] --END-- [ RunTime:0.000572s ]
ERR: Think\Controller:checkLogin方法不存在！

[ 2017-05-17T17:34:07+08:00 ] 127.0.0.1 /laosan/index.php/Back/Goods/list
INFO: [ app_init ] --START--
INFO: Run Behavior\BuildLiteBehavior [ RunTime:0.000017s ]
INFO: [ app_init ] --END-- [ RunTime:0.000604s ]
ERR: Think\Controller:checkLogin方法不存在！

[ 2017-05-17T17:34:33+08:00 ] 127.0.0.1 /laosan/index.php/Back/Goods/list
INFO: [ app_init ] --START--
INFO: Run Behavior\BuildLiteBehavior [ RunTime:0.000015s ]
INFO: [ app_init ] --END-- [ RunTime:0.000546s ]
ERR: Think\Controller:checkLogin方法不存在！

[ 2017-05-17T17:34:36+08:00 ] 127.0.0.1 /laosan/index.php/Back/Goods/list
INFO: [ app_init ] --START--
INFO: Run Behavior\BuildLiteBehavior [ RunTime:0.000016s ]
INFO: [ app_init ] --END-- [ RunTime:0.000597s ]
ERR: Think\Controller:checkLogin方法不存在！

[ 2017-05-17T17:34:37+08:00 ] 127.0.0.1 /laosan/index.php/Back/Goods/list
INFO: [ app_init ] --START--
INFO: Run Behavior\BuildLiteBehavior [ RunTime:0.000017s ]
INFO: [ app_init ] --END-- [ RunTime:0.000595s ]
ERR: Think\Controller:checkLogin方法不存在！

[ 2017-05-17T17:34:37+08:00 ] 127.0.0.1 /laosan/index.php/Back/Goods/list
INFO: [ app_init ] --START--
INFO: Run Behavior\BuildLiteBehavior [ RunTime:0.000016s ]
INFO: [ app_init ] --END-- [ RunTime:0.000554s ]
ERR: Think\Controller:checkLogin方法不存在！

[ 2017-05-17T17:34:37+08:00 ] 127.0.0.1 /laosan/index.php/Back/Goods/list
INFO: [ app_init ] --START--
INFO: Run Behavior\BuildLiteBehavior [ RunTime:0.000016s ]
INFO: [ app_init ] --END-- [ RunTime:0.000558s ]
ERR: Think\Controller:checkLogin方法不存在！

[ 2017-05-17T17:34:37+08:00 ] 127.0.0.1 /laosan/index.php/Back/Goods/list
INFO: [ app_init ] --START--
INFO: Run Behavior\BuildLiteBehavior [ RunTime:0.000016s ]
INFO: [ app_init ] --END-- [ RunTime:0.000547s ]
ERR: Think\Controller:checkLogin方法不存在！

[ 2017-05-17T17:34:37+08:00 ] 127.0.0.1 /laosan/index.php/Back/Goods/list
INFO: [ app_init ] --START--
INFO: Run Behavior\BuildLiteBehavior [ RunTime:0.000016s ]
INFO: [ app_init ] --END-- [ RunTime:0.000555s ]
ERR: Think\Controller:checkLogin方法不存在！

[ 2017-05-17T17:34:37+08:00 ] 127.0.0.1 /laosan/index.php/Back/Goods/list
INFO: [ app_init ] --START--
INFO: Run Behavior\BuildLiteBehavior [ RunTime:0.000016s ]
INFO: [ app_init ] --END-- [ RunTime:0.000561s ]
ERR: Think\Controller:checkLogin方法不存在！

[ 2017-05-17T17:34:37+08:00 ] 127.0.0.1 /laosan/index.php/Back/Goods/list
INFO: [ app_init ] --START--
INFO: Run Behavior\BuildLiteBehavior [ RunTime:0.000015s ]
INFO: [ app_init ] --END-- [ RunTime:0.000546s ]
ERR: Think\Controller:checkLogin方法不存在！

[ 2017-05-17T17:34:38+08:00 ] 127.0.0.1 /laosan/index.php/Back/Goods/list
INFO: [ app_init ] --START--
INFO: Run Behavior\BuildLiteBehavior [ RunTime:0.000016s ]
INFO: [ app_init ] --END-- [ RunTime:0.000549s ]
ERR: Think\Controller:checkLogin方法不存在！

[ 2017-05-17T17:40:51+08:00 ] 127.0.0.1 /laosan/index.php/Back/Goods/list
INFO: [ app_init ] --START--
INFO: Run Behavior\BuildLiteBehavior [ RunTime:0.000017s ]
INFO: [ app_init ] --END-- [ RunTime:0.000881s ]
ERR: Think\Controller:checkLogin方法不存在！

[ 2017-05-17T17:41:56+08:00 ] 127.0.0.1 /laosan/index.php/Back/Goods/list
INFO: [ app_init ] --START--
INFO: Run Behavior\BuildLiteBehavior [ RunTime:0.000014s ]
INFO: [ app_init ] --END-- [ RunTime:0.000589s ]

[ 2017-05-17T17:41:56+08:00 ] 127.0.0.1 /laosan/index.php/Back/Admin/login.html
INFO: [ app_init ] --START--
INFO: Run Behavior\BuildLiteBehavior [ RunTime:0.000015s ]
INFO: [ app_init ] --END-- [ RunTime:0.000545s ]

[ 2017-05-17T17:41:59+08:00 ] 127.0.0.1 /laosan/index.php/Back/Admin/login.html
INFO: [ app_init ] --START--
INFO: Run Behavior\BuildLiteBehavior [ RunTime:0.000036s ]
INFO: [ app_init ] --END-- [ RunTime:0.001040s ]

[ 2017-05-17T17:41:59+08:00 ] 127.0.0.1 /laosan/index.php/Back/Admin/login
INFO: [ app_init ] --START--
INFO: Run Behavior\BuildLiteBehavior [ RunTime:0.000016s ]
INFO: [ app_init ] --END-- [ RunTime:0.000556s ]

[ 2017-05-17T17:42:07+08:00 ] 127.0.0.1 /laosan/index.php/Back/Admin/login.html
INFO: [ app_init ] --START--
INFO: Run Behavior\BuildLiteBehavior [ RunTime:0.000026s ]
INFO: [ app_init ] --END-- [ RunTime:0.000603s ]

[ 2017-05-17T17:42:07+08:00 ] 127.0.0.1 /laosan/index.php/Back/Admin/list
INFO: [ app_init ] --START--
INFO: Run Behavior\BuildLiteBehavior [ RunTime:0.000016s ]
INFO: [ app_init ] --END-- [ RunTime:0.000544s ]

[ 2017-05-17T17:42:10+08:00 ] 127.0.0.1 /laosan/index.php/Back/Goods/list.html
INFO: [ app_init ] --START--
INFO: Run Behavior\BuildLiteBehavior [ RunTime:0.000026s ]
INFO: [ app_init ] --END-- [ RunTime:0.001242s ]

[ 2017-05-17T17:42:11+08:00 ] 127.0.0.1 /laosan/index.php/Back/Goods/set.html
INFO: [ app_init ] --START--
INFO: Run Behavior\BuildLiteBehavior [ RunTime:0.000018s ]
INFO: [ app_init ] --END-- [ RunTime:0.000572s ]
ERR: 1146:Table 'laosan.ls_series' doesn't exist
 [ SQL语句 ] : SHOW COLUMNS FROM `ls_series`

[ 2017-05-17T17:43:35+08:00 ] 127.0.0.1 /laosan/index.php/Back/Goods/list.html
INFO: [ app_init ] --START--
INFO: Run Behavior\BuildLiteBehavior [ RunTime:0.000016s ]
INFO: [ app_init ] --END-- [ RunTime:0.000709s ]

[ 2017-05-17T17:43:38+08:00 ] 127.0.0.1 /laosan/index.php/Back/Goods/list.html
INFO: [ app_init ] --START--
INFO: Run Behavior\BuildLiteBehavior [ RunTime:0.000015s ]
INFO: [ app_init ] --END-- [ RunTime:0.000552s ]

[ 2017-05-17T17:43:41+08:00 ] 127.0.0.1 /laosan/index.php/Back/Goods/list.html
INFO: [ app_init ] --START--
INFO: Run Behavior\BuildLiteBehavior [ RunTime:0.000016s ]
INFO: [ app_init ] --END-- [ RunTime:0.000564s ]

[ 2017-05-17T17:43:41+08:00 ] 127.0.0.1 /laosan/index.php/Back/Goods/set.html
INFO: [ app_init ] --START--
INFO: Run Behavior\BuildLiteBehavior [ RunTime:0.000017s ]
INFO: [ app_init ] --END-- [ RunTime:0.000582s ]
ERR: 1146:Table 'laosan.ls_series' doesn't exist
 [ SQL语句 ] : SHOW COLUMNS FROM `ls_series`

[ 2017-05-17T17:43:47+08:00 ] 127.0.0.1 /laosan/index.php/Back/Goods/list.html
INFO: [ app_init ] --START--
INFO: Run Behavior\BuildLiteBehavior [ RunTime:0.000018s ]
INFO: [ app_init ] --END-- [ RunTime:0.000629s ]

[ 2017-05-17T17:43:49+08:00 ] 127.0.0.1 /laosan/index.php/Back/Goods/set.html
INFO: [ app_init ] --START--
INFO: Run Behavior\BuildLiteBehavior [ RunTime:0.000017s ]
INFO: [ app_init ] --END-- [ RunTime:0.000593s ]
ERR: 1146:Table 'laosan.ls_series' doesn't exist
 [ SQL语句 ] : SHOW COLUMNS FROM `ls_series`

[ 2017-05-17T17:45:44+08:00 ] 127.0.0.1 /laosan/index.php/Back/Goods/list.html
INFO: [ app_init ] --START--
INFO: Run Behavior\BuildLiteBehavior [ RunTime:0.000016s ]
INFO: [ app_init ] --END-- [ RunTime:0.000717s ]

[ 2017-05-17T17:48:15+08:00 ] 127.0.0.1 /laosan/index.php/Back/Goods/list.html
INFO: [ app_init ] --START--
INFO: Run Behavior\BuildLiteBehavior [ RunTime:0.000043s ]
INFO: [ app_init ] --END-- [ RunTime:0.001577s ]

[ 2017-05-17T17:48:18+08:00 ] 127.0.0.1 /laosan/index.php/Back/Goods/list.html
INFO: [ app_init ] --START--
INFO: Run Behavior\BuildLiteBehavior [ RunTime:0.000019s ]
INFO: [ app_init ] --END-- [ RunTime:0.000686s ]

[ 2017-05-17T17:52:26+08:00 ] 127.0.0.1 /laosan/index.php/Back/Goods/list.html
INFO: [ app_init ] --START--
INFO: Run Behavior\BuildLiteBehavior [ RunTime:0.000017s ]
INFO: [ app_init ] --END-- [ RunTime:0.000828s ]

[ 2017-05-17T17:52:30+08:00 ] 127.0.0.1 /laosan/index.php/Back/Goods/set.html
INFO: [ app_init ] --START--
INFO: Run Behavior\BuildLiteBehavior [ RunTime:0.000014s ]
INFO: [ app_init ] --END-- [ RunTime:0.000561s ]
ERR: 1146:Table 'laosan.ls_series' doesn't exist
 [ SQL语句 ] : SHOW COLUMNS FROM `ls_series`

[ 2017-05-17T17:54:13+08:00 ] 127.0.0.1 /laosan/index.php/Back/Goods/set.html
INFO: [ app_init ] --START--
INFO: Run Behavior\BuildLiteBehavior [ RunTime:0.000015s ]
INFO: [ app_init ] --END-- [ RunTime:0.000554s ]

[ 2017-05-17T17:54:42+08:00 ] 127.0.0.1 /laosan/index.php/Back/Goods/set.html
INFO: [ app_init ] --START--
INFO: Run Behavior\BuildLiteBehavior [ RunTime:0.000016s ]
INFO: [ app_init ] --END-- [ RunTime:0.000747s ]

[ 2017-05-17T17:54:53+08:00 ] 127.0.0.1 /laosan/index.php/Back/Goods/set.html
INFO: [ app_init ] --START--
INFO: Run Behavior\BuildLiteBehavior [ RunTime:0.000015s ]
INFO: [ app_init ] --END-- [ RunTime:0.000590s ]

[ 2017-05-17T17:55:03+08:00 ] 127.0.0.1 /laosan/index.php/Back/Goods/set.html
INFO: [ app_init ] --START--
INFO: Run Behavior\BuildLiteBehavior [ RunTime:0.000017s ]
INFO: [ app_init ] --END-- [ RunTime:0.000636s ]

[ 2017-05-17T17:55:03+08:00 ] 127.0.0.1 /laosan/index.php/Back/Goods/set.html
INFO: [ app_init ] --START--
INFO: Run Behavior\BuildLiteBehavior [ RunTime:0.000040s ]
INFO: [ app_init ] --END-- [ RunTime:0.000611s ]

[ 2017-05-17T17:55:03+08:00 ] 127.0.0.1 /laosan/index.php/Back/Goods/set.html
INFO: [ app_init ] --START--
INFO: Run Behavior\BuildLiteBehavior [ RunTime:0.000016s ]
INFO: [ app_init ] --END-- [ RunTime:0.000565s ]

[ 2017-05-17T17:55:03+08:00 ] 127.0.0.1 /laosan/index.php/Back/Goods/set.html
INFO: [ app_init ] --START--
INFO: Run Behavior\BuildLiteBehavior [ RunTime:0.000018s ]
INFO: [ app_init ] --END-- [ RunTime:0.000596s ]

[ 2017-05-17T17:55:04+08:00 ] 127.0.0.1 /laosan/index.php/Back/Goods/set.html
INFO: [ app_init ] --START--
INFO: Run Behavior\BuildLiteBehavior [ RunTime:0.000015s ]
INFO: [ app_init ] --END-- [ RunTime:0.000556s ]

[ 2017-05-17T17:55:04+08:00 ] 127.0.0.1 /laosan/index.php/Back/Goods/set.html
INFO: [ app_init ] --START--
INFO: Run Behavior\BuildLiteBehavior [ RunTime:0.000017s ]
INFO: [ app_init ] --END-- [ RunTime:0.000583s ]

[ 2017-05-17T17:55:04+08:00 ] 127.0.0.1 /laosan/index.php/Back/Goods/set.html
INFO: [ app_init ] --START--
INFO: Run Behavior\BuildLiteBehavior [ RunTime:0.000015s ]
INFO: [ app_init ] --END-- [ RunTime:0.000550s ]

[ 2017-05-17T17:55:19+08:00 ] 127.0.0.1 /laosan/index.php/Back/Goods/set.html
INFO: [ app_init ] --START--
INFO: Run Behavior\BuildLiteBehavior [ RunTime:0.000022s ]
INFO: [ app_init ] --END-- [ RunTime:0.000723s ]

[ 2017-05-17T17:55:19+08:00 ] 127.0.0.1 /laosan/index.php/Back/Goods/set.html
INFO: [ app_init ] --START--
INFO: Run Behavior\BuildLiteBehavior [ RunTime:0.000022s ]
INFO: [ app_init ] --END-- [ RunTime:0.000636s ]

[ 2017-05-17T17:55:36+08:00 ] 127.0.0.1 /laosan/index.php/Back/Goods/set.html
INFO: [ app_init ] --START--
INFO: Run Behavior\BuildLiteBehavior [ RunTime:0.000024s ]
INFO: [ app_init ] --END-- [ RunTime:0.000839s ]

[ 2017-05-17T17:56:20+08:00 ] 127.0.0.1 /laosan/index.php/Back/Goods/set.html
INFO: [ app_init ] --START--
INFO: Run Behavior\BuildLiteBehavior [ RunTime:0.000016s ]
INFO: [ app_init ] --END-- [ RunTime:0.000593s ]

[ 2017-05-17T17:56:39+08:00 ] 127.0.0.1 /laosan/index.php/Back/Goods/set.html
INFO: [ app_init ] --START--
INFO: Run Behavior\BuildLiteBehavior [ RunTime:0.000016s ]
INFO: [ app_init ] --END-- [ RunTime:0.000569s ]

[ 2017-05-17T17:57:07+08:00 ] 127.0.0.1 /laosan/index.php/Back/Goods/list.html
INFO: [ app_init ] --START--
INFO: Run Behavior\BuildLiteBehavior [ RunTime:0.000015s ]
INFO: [ app_init ] --END-- [ RunTime:0.000705s ]

[ 2017-05-17T17:57:12+08:00 ] 127.0.0.1 /laosan/index.php/Back/Goods/set.html
INFO: [ app_init ] --START--
INFO: Run Behavior\BuildLiteBehavior [ RunTime:0.000016s ]
INFO: [ app_init ] --END-- [ RunTime:0.000583s ]

[ 2017-05-17T17:58:16+08:00 ] 127.0.0.1 /laosan/index.php/Back/Goods/list.html
INFO: [ app_init ] --START--
INFO: Run Behavior\BuildLiteBehavior [ RunTime:0.000021s ]
INFO: [ app_init ] --END-- [ RunTime:0.000569s ]

[ 2017-05-17T17:58:17+08:00 ] 127.0.0.1 /laosan/index.php/Back/Goods/set.html
INFO: [ app_init ] --START--
INFO: Run Behavior\BuildLiteBehavior [ RunTime:0.000017s ]
INFO: [ app_init ] --END-- [ RunTime:0.000559s ]

[ 2017-05-17T17:58:21+08:00 ] 127.0.0.1 /laosan/index.php/Back/Goods/list.html
INFO: [ app_init ] --START--
INFO: Run Behavior\BuildLiteBehavior [ RunTime:0.000021s ]
INFO: [ app_init ] --END-- [ RunTime:0.000835s ]

[ 2017-05-17T17:58:22+08:00 ] 127.0.0.1 /laosan/index.php/Back/Goods/set.html
INFO: [ app_init ] --START--
INFO: Run Behavior\BuildLiteBehavior [ RunTime:0.000016s ]
INFO: [ app_init ] --END-- [ RunTime:0.000602s ]

[ 2017-05-17T17:58:58+08:00 ] 127.0.0.1 /laosan/index.php/Back/Code/set
INFO: [ app_init ] --START--
INFO: Run Behavior\BuildLiteBehavior [ RunTime:0.000015s ]
INFO: [ app_init ] --END-- [ RunTime:0.000544s ]

[ 2017-05-17T17:59:13+08:00 ] 127.0.0.1 /laosan/index.php/Back/Code/ajax.html?table=unit
INFO: [ app_init ] --START--
INFO: Run Behavior\BuildLiteBehavior [ RunTime:0.000018s ]
INFO: [ app_init ] --END-- [ RunTime:0.000859s ]
INFO: [ app_begin ] --START--
INFO: Run Behavior\ReadHtmlCacheBehavior [ RunTime:0.000888s ]
INFO: [ app_begin ] --END-- [ RunTime:0.000967s ]

[ 2017-05-17T18:00:47+08:00 ] 127.0.0.1 /laosan/index.php/Back/Code/set.html
INFO: [ app_init ] --START--
INFO: Run Behavior\BuildLiteBehavior [ RunTime:0.000016s ]
INFO: [ app_init ] --END-- [ RunTime:0.000583s ]

[ 2017-05-17T18:01:11+08:00 ] 127.0.0.1 /laosan/index.php/Back/unit/list
INFO: [ app_init ] --START--
INFO: Run Behavior\BuildLiteBehavior [ RunTime:0.000014s ]
INFO: [ app_init ] --END-- [ RunTime:0.000547s ]

[ 2017-05-17T18:01:33+08:00 ] 127.0.0.1 /laosan/index.php/Back/Unit/set.html
INFO: [ app_init ] --START--
INFO: Run Behavior\BuildLiteBehavior [ RunTime:0.000017s ]
INFO: [ app_init ] --END-- [ RunTime:0.000732s ]

[ 2017-05-17T18:02:28+08:00 ] 127.0.0.1 /laosan/index.php/Back/Admin/list.html
INFO: [ app_init ] --START--
INFO: Run Behavior\BuildLiteBehavior [ RunTime:0.000014s ]
INFO: [ app_init ] --END-- [ RunTime:0.000544s ]

[ 2017-05-17T18:02:30+08:00 ] 127.0.0.1 /laosan/index.php/Back/Admin/set/admin_id/1.html
INFO: [ app_init ] --START--
INFO: Run Behavior\BuildLiteBehavior [ RunTime:0.000017s ]
INFO: [ app_init ] --END-- [ RunTime:0.000576s ]

[ 2017-05-17T18:02:35+08:00 ] 127.0.0.1 /laosan/index.php/Back/Admin/set.html
INFO: [ app_init ] --START--
INFO: Run Behavior\BuildLiteBehavior [ RunTime:0.000017s ]
INFO: [ app_init ] --END-- [ RunTime:0.000687s ]

[ 2017-05-17T18:02:55+08:00 ] 127.0.0.1 /laosan/index.php/Back/Admin/set.html
INFO: [ app_init ] --START--
INFO: Run Behavior\BuildLiteBehavior [ RunTime:0.000015s ]
INFO: [ app_init ] --END-- [ RunTime:0.000564s ]

[ 2017-05-17T18:02:55+08:00 ] 127.0.0.1 /laosan/index.php/Back/Admin/list
INFO: [ app_init ] --START--
INFO: Run Behavior\BuildLiteBehavior [ RunTime:0.000016s ]
INFO: [ app_init ] --END-- [ RunTime:0.000544s ]

[ 2017-05-17T18:03:03+08:00 ] 127.0.0.1 /laosan/index.php/Back/Admin/multi.html
INFO: [ app_init ] --START--
INFO: Run Behavior\BuildLiteBehavior [ RunTime:0.000016s ]
INFO: [ app_init ] --END-- [ RunTime:0.000557s ]

[ 2017-05-17T18:03:03+08:00 ] 127.0.0.1 /laosan/index.php/Back/Admin/list
INFO: [ app_init ] --START--
INFO: Run Behavior\BuildLiteBehavior [ RunTime:0.000015s ]
INFO: [ app_init ] --END-- [ RunTime:0.000535s ]

[ 2017-05-17T18:06:02+08:00 ] 127.0.0.1 /laosan/index.php/Back/Admin/list
INFO: [ app_init ] --START--
INFO: Run Behavior\BuildLiteBehavior [ RunTime:0.000016s ]
INFO: [ app_init ] --END-- [ RunTime:0.000718s ]

[ 2017-05-17T18:06:05+08:00 ] 127.0.0.1 /laosan/index.php/Back/Unit/list.html
INFO: [ app_init ] --START--
INFO: Run Behavior\BuildLiteBehavior [ RunTime:0.000018s ]
INFO: [ app_init ] --END-- [ RunTime:0.000613s ]

[ 2017-05-17T18:06:06+08:00 ] 127.0.0.1 /laosan/index.php/Back/Unit/set.html
INFO: [ app_init ] --START--
INFO: Run Behavior\BuildLiteBehavior [ RunTime:0.000015s ]
INFO: [ app_init ] --END-- [ RunTime:0.000546s ]

[ 2017-05-17T18:06:11+08:00 ] 127.0.0.1 /laosan/index.php/Back/Unit/list.html
INFO: [ app_init ] --START--
INFO: Run Behavior\BuildLiteBehavior [ RunTime:0.000016s ]
INFO: [ app_init ] --END-- [ RunTime:0.000633s ]

[ 2017-05-17T18:06:12+08:00 ] 127.0.0.1 /laosan/index.php/Back/Unit/set.html
INFO: [ app_init ] --START--
INFO: Run Behavior\BuildLiteBehavior [ RunTime:0.000015s ]
INFO: [ app_init ] --END-- [ RunTime:0.000570s ]

[ 2017-05-17T18:06:14+08:00 ] 127.0.0.1 /laosan/index.php/Back/Order/list.html
INFO: [ app_init ] --START--
INFO: Run Behavior\BuildLiteBehavior [ RunTime:0.000015s ]
INFO: [ app_init ] --END-- [ RunTime:0.000541s ]

[ 2017-05-17T18:06:15+08:00 ] 127.0.0.1 /laosan/index.php/Back/Order/list/order_statu_id/2.html
INFO: [ app_init ] --START--
INFO: Run Behavior\BuildLiteBehavior [ RunTime:0.000015s ]
INFO: [ app_init ] --END-- [ RunTime:0.000547s ]

[ 2017-05-17T18:06:16+08:00 ] 127.0.0.1 /laosan/index.php/Back/Order/list/order_statu_id/2.html
INFO: [ app_init ] --START--
INFO: Run Behavior\BuildLiteBehavior [ RunTime:0.000016s ]
INFO: [ app_init ] --END-- [ RunTime:0.000576s ]

[ 2017-05-17T18:06:17+08:00 ] 127.0.0.1 /laosan/index.php/Back/Order/list/order_statu_id/3.html
INFO: [ app_init ] --START--
INFO: Run Behavior\BuildLiteBehavior [ RunTime:0.000015s ]
INFO: [ app_init ] --END-- [ RunTime:0.000548s ]

[ 2017-05-17T18:06:17+08:00 ] 127.0.0.1 /laosan/index.php/Back/Order/list/order_statu_id/4.html
INFO: [ app_init ] --START--
INFO: Run Behavior\BuildLiteBehavior [ RunTime:0.000016s ]
INFO: [ app_init ] --END-- [ RunTime:0.000555s ]

[ 2017-05-17T18:06:19+08:00 ] 127.0.0.1 /laosan/index.php/Back/Type/list.html
INFO: [ app_init ] --START--
INFO: Run Behavior\BuildLiteBehavior [ RunTime:0.000015s ]
INFO: [ app_init ] --END-- [ RunTime:0.000548s ]

[ 2017-05-17T18:06:20+08:00 ] 127.0.0.1 /laosan/index.php/Back/Type/list.html
INFO: [ app_init ] --START--
INFO: Run Behavior\BuildLiteBehavior [ RunTime:0.000015s ]
INFO: [ app_init ] --END-- [ RunTime:0.000555s ]

[ 2017-05-17T18:06:21+08:00 ] 127.0.0.1 /laosan/index.php/Back/Type/set.html
INFO: [ app_init ] --START--
INFO: Run Behavior\BuildLiteBehavior [ RunTime:0.000017s ]
INFO: [ app_init ] --END-- [ RunTime:0.000553s ]

[ 2017-05-17T18:09:14+08:00 ] 127.0.0.1 /laosan/index.php/Back/Type/set.html
INFO: [ app_init ] --START--
INFO: Run Behavior\BuildLiteBehavior [ RunTime:0.000015s ]
INFO: [ app_init ] --END-- [ RunTime:0.000707s ]

[ 2017-05-17T18:10:31+08:00 ] 127.0.0.1 /laosan/index.php/Back/Goods/list.html
INFO: [ app_init ] --START--
INFO: Run Behavior\BuildLiteBehavior [ RunTime:0.000015s ]
INFO: [ app_init ] --END-- [ RunTime:0.000549s ]

[ 2017-05-17T18:10:32+08:00 ] 127.0.0.1 /laosan/index.php/Back/Goods/set.html
INFO: [ app_init ] --START--
INFO: Run Behavior\BuildLiteBehavior [ RunTime:0.000015s ]
INFO: [ app_init ] --END-- [ RunTime:0.000545s ]

[ 2017-05-17T18:11:01+08:00 ] 127.0.0.1 /laosan/index.php/Back/Unit/list.html
INFO: [ app_init ] --START--
INFO: Run Behavior\BuildLiteBehavior [ RunTime:0.000018s ]
INFO: [ app_init ] --END-- [ RunTime:0.000582s ]

[ 2017-05-17T18:11:02+08:00 ] 127.0.0.1 /laosan/index.php/Back/Unit/set.html
INFO: [ app_init ] --START--
INFO: Run Behavior\BuildLiteBehavior [ RunTime:0.000017s ]
INFO: [ app_init ] --END-- [ RunTime:0.000639s ]

[ 2017-05-17T18:11:19+08:00 ] 127.0.0.1 /laosan/index.php/Back/Goods/list.html
INFO: [ app_init ] --START--
INFO: Run Behavior\BuildLiteBehavior [ RunTime:0.000018s ]
INFO: [ app_init ] --END-- [ RunTime:0.000762s ]

[ 2017-05-17T18:11:20+08:00 ] 127.0.0.1 /laosan/index.php/Back/Goods/list.html
INFO: [ app_init ] --START--
INFO: Run Behavior\BuildLiteBehavior [ RunTime:0.000015s ]
INFO: [ app_init ] --END-- [ RunTime:0.000559s ]

[ 2017-05-17T18:11:23+08:00 ] 127.0.0.1 /laosan/index.php/Back/Unit/list.html
INFO: [ app_init ] --START--
INFO: Run Behavior\BuildLiteBehavior [ RunTime:0.000032s ]
INFO: [ app_init ] --END-- [ RunTime:0.000689s ]

[ 2017-05-17T18:11:24+08:00 ] 127.0.0.1 /laosan/index.php/Back/Unit/set.html
INFO: [ app_init ] --START--
INFO: Run Behavior\BuildLiteBehavior [ RunTime:0.000017s ]
INFO: [ app_init ] --END-- [ RunTime:0.000557s ]

[ 2017-05-17T18:11:25+08:00 ] 127.0.0.1 /laosan/index.php/Back/Unit/set.html
INFO: [ app_init ] --START--
INFO: Run Behavior\BuildLiteBehavior [ RunTime:0.000015s ]
INFO: [ app_init ] --END-- [ RunTime:0.000553s ]

[ 2017-05-17T18:13:02+08:00 ] 127.0.0.1 /laosan/index.php/Back/Goods/list.html
INFO: [ app_init ] --START--
INFO: Run Behavior\BuildLiteBehavior [ RunTime:0.000015s ]
INFO: [ app_init ] --END-- [ RunTime:0.000547s ]

[ 2017-05-17T18:13:03+08:00 ] 127.0.0.1 /laosan/index.php/Back/Goods/set.html
INFO: [ app_init ] --START--
INFO: Run Behavior\BuildLiteBehavior [ RunTime:0.000018s ]
INFO: [ app_init ] --END-- [ RunTime:0.000598s ]

[ 2017-05-17T18:13:14+08:00 ] 127.0.0.1 /laosan/index.php/Back/Goods/list.html
INFO: [ app_init ] --START--
INFO: Run Behavior\BuildLiteBehavior [ RunTime:0.000019s ]
INFO: [ app_init ] --END-- [ RunTime:0.000694s ]

[ 2017-05-17T18:13:15+08:00 ] 127.0.0.1 /laosan/index.php/Back/Goods/list.html
INFO: [ app_init ] --START--
INFO: Run Behavior\BuildLiteBehavior [ RunTime:0.000015s ]
INFO: [ app_init ] --END-- [ RunTime:0.000547s ]

[ 2017-05-17T18:13:16+08:00 ] 127.0.0.1 /laosan/index.php/Back/Goods/set.html
INFO: [ app_init ] --START--
INFO: Run Behavior\BuildLiteBehavior [ RunTime:0.000047s ]
INFO: [ app_init ] --END-- [ RunTime:0.000975s ]

[ 2017-05-17T18:13:22+08:00 ] 127.0.0.1 /laosan/index.php/Back/Order/list.html
INFO: [ app_init ] --START--
INFO: Run Behavior\BuildLiteBehavior [ RunTime:0.000019s ]
INFO: [ app_init ] --END-- [ RunTime:0.000813s ]

[ 2017-05-17T18:13:23+08:00 ] 127.0.0.1 /laosan/index.php/Back/Order/list/order_statu_id/1.html
INFO: [ app_init ] --START--
INFO: Run Behavior\BuildLiteBehavior [ RunTime:0.000015s ]
INFO: [ app_init ] --END-- [ RunTime:0.000545s ]

[ 2017-05-17T18:13:23+08:00 ] 127.0.0.1 /laosan/index.php/Back/Order/list/order_statu_id/2.html
INFO: [ app_init ] --START--
INFO: Run Behavior\BuildLiteBehavior [ RunTime:0.000015s ]
INFO: [ app_init ] --END-- [ RunTime:0.000552s ]

[ 2017-05-17T18:13:24+08:00 ] 127.0.0.1 /laosan/index.php/Back/Order/list/order_statu_id/3.html
INFO: [ app_init ] --START--
INFO: Run Behavior\BuildLiteBehavior [ RunTime:0.000017s ]
INFO: [ app_init ] --END-- [ RunTime:0.000700s ]

[ 2017-05-17T18:13:26+08:00 ] 127.0.0.1 /laosan/index.php/Back/Order/list/order_statu_id/2.html
INFO: [ app_init ] --START--
INFO: Run Behavior\BuildLiteBehavior [ RunTime:0.000015s ]
INFO: [ app_init ] --END-- [ RunTime:0.000569s ]

[ 2017-05-17T18:13:27+08:00 ] 127.0.0.1 /laosan/index.php/Back/Order/list/order_statu_id/1.html
INFO: [ app_init ] --START--
INFO: Run Behavior\BuildLiteBehavior [ RunTime:0.000015s ]
INFO: [ app_init ] --END-- [ RunTime:0.000555s ]

[ 2017-05-17T18:13:30+08:00 ] 127.0.0.1 /laosan/index.php/Back/Order/list/order_statu_id/1/filed/order_sn/type/asc.html
INFO: [ app_init ] --START--
INFO: Run Behavior\BuildLiteBehavior [ RunTime:0.000016s ]
INFO: [ app_init ] --END-- [ RunTime:0.000543s ]

[ 2017-05-17T18:13:31+08:00 ] 127.0.0.1 /laosan/index.php/Back/Order/list/order_statu_id/1/filed/order_sn/type/desc.html
INFO: [ app_init ] --START--
INFO: Run Behavior\BuildLiteBehavior [ RunTime:0.000029s ]
INFO: [ app_init ] --END-- [ RunTime:0.000659s ]

[ 2017-05-17T18:13:39+08:00 ] 127.0.0.1 /laosan/index.php/Back/Order/list/order_statu_id/1/filed/order_sn/type/asc.html
INFO: [ app_init ] --START--
INFO: Run Behavior\BuildLiteBehavior [ RunTime:0.000018s ]
INFO: [ app_init ] --END-- [ RunTime:0.000588s ]

[ 2017-05-17T18:13:40+08:00 ] 127.0.0.1 /laosan/index.php/Back/Order/list/order_statu_id/1/filed/order_sn/type/desc.html
INFO: [ app_init ] --START--
INFO: Run Behavior\BuildLiteBehavior [ RunTime:0.000014s ]
INFO: [ app_init ] --END-- [ RunTime:0.000540s ]

[ 2017-05-17T18:13:44+08:00 ] 127.0.0.1 /laosan/index.php/Back/Order/list/order_statu_id/1/filed/create_at/type/asc.html
INFO: [ app_init ] --START--
INFO: Run Behavior\BuildLiteBehavior [ RunTime:0.000015s ]
INFO: [ app_init ] --END-- [ RunTime:0.000570s ]

[ 2017-05-17T18:13:55+08:00 ] 127.0.0.1 /laosan/index.php/Back/Order/list.html
INFO: [ app_init ] --START--
INFO: Run Behavior\BuildLiteBehavior [ RunTime:0.000015s ]
INFO: [ app_init ] --END-- [ RunTime:0.000554s ]

[ 2017-05-17T18:14:39+08:00 ] 127.0.0.1 /laosan/index.php/Back/Order/list.html?order_sn=20170508174228722369
INFO: [ app_init ] --START--
INFO: Run Behavior\BuildLiteBehavior [ RunTime:0.000016s ]
INFO: [ app_init ] --END-- [ RunTime:0.000776s ]

