[ 2017-05-19T15:48:37+08:00 ] 123.112.232.13 /laosan/index.php/User/wait/id/1.html
INFO: [ app_init ] --START--
INFO: Run Behavior\BuildLiteBehavior [ RunTime:0.000013s ]
INFO: [ app_init ] --END-- [ RunTime:0.000276s ]
ERR: 无法加载模块:User

[ 2017-05-19T15:48:44+08:00 ] 123.112.232.13 /laosan/index.php/User/wait/id/1.html
INFO: [ app_init ] --START--
INFO: Run Behavior\BuildLiteBehavior [ RunTime:0.000010s ]
INFO: [ app_init ] --END-- [ RunTime:0.000258s ]
ERR: 无法加载模块:User

[ 2017-05-19T15:48:47+08:00 ] 123.112.232.13 /laosan/index.php/User/wait/id/1.html
INFO: [ app_init ] --START--
INFO: Run Behavior\BuildLiteBehavior [ RunTime:0.000011s ]
INFO: [ app_init ] --END-- [ RunTime:0.000233s ]
ERR: 无法加载模块:User

[ 2017-05-19T15:49:16+08:00 ] 123.112.232.13 /laosan/index.php/User/wait/id/1.html
INFO: [ app_init ] --START--
INFO: Run Behavior\BuildLiteBehavior [ RunTime:0.000011s ]
INFO: [ app_init ] --END-- [ RunTime:0.000280s ]
ERR: 无法加载模块:User

[ 2017-05-19T15:49:42+08:00 ] 123.112.232.13 /laosan/index.php/User/wait/id/1.html
INFO: [ app_init ] --START--
INFO: Run Behavior\BuildLiteBehavior [ RunTime:0.000012s ]
INFO: [ app_init ] --END-- [ RunTime:0.000239s ]
ERR: 无法加载模块:User

[ 2017-05-19T15:49:53+08:00 ] 123.112.232.13 /laosan/index.php/User/wait/id/1.html
INFO: [ app_init ] --START--
INFO: Run Behavior\BuildLiteBehavior [ RunTime:0.000015s ]
INFO: [ app_init ] --END-- [ RunTime:0.000276s ]
ERR: 无法加载模块:User

[ 2017-05-19T15:49:57+08:00 ] 123.112.232.13 /laosan/index.php/User/wait/id/1.html
INFO: [ app_init ] --START--
INFO: Run Behavior\BuildLiteBehavior [ RunTime:0.000011s ]
INFO: [ app_init ] --END-- [ RunTime:0.000234s ]
ERR: 无法加载模块:User

[ 2017-05-19T15:52:21+08:00 ] 123.112.232.13 /laosan/index.php/User/wait/id/1.html
INFO: [ app_init ] --START--
INFO: Run Behavior\BuildLiteBehavior [ RunTime:0.000012s ]
INFO: [ app_init ] --END-- [ RunTime:0.000231s ]
ERR: 无法加载模块:User

